[INFO] Scanning for projects...
[INFO] 
[INFO] ------------------------< com.example:projeto >-------------------------
[INFO] Building projeto 0.0.1-SNAPSHOT
[INFO]   from pom.xml
[INFO] --------------------------------[ jar ]---------------------------------
[INFO] 
[INFO] >>> spring-boot:4.0.3:run (default-cli) > test-compile @ projeto >>>
[INFO] 
[INFO] --- resources:3.3.1:resources (default-resources) @ projeto ---
[INFO] Copying 1 resource from src\main\resources to target\classes
[INFO] Copying 15 resources from src\main\resources to target\classes
[INFO] 
[INFO] --- compiler:3.14.1:compile (default-compile) @ projeto ---
[INFO] Recompiling the module because of changed source code.
[INFO] Compiling 35 source files with javac [debug parameters release 25] to target\classes
[INFO] 
[INFO] --- resources:3.3.1:testResources (default-testResources) @ projeto ---
[INFO] skip non existing resourceDirectory C:\Users\sabrina.00858\Desktop\Desenvolvimento de aviamentos\projeto\src\test\resources
[INFO] 
[INFO] --- compiler:3.14.1:testCompile (default-testCompile) @ projeto ---
[INFO] Recompiling the module because of changed dependency.
[INFO] Compiling 1 source file with javac [debug parameters release 25] to target\test-classes
[INFO] 
[INFO] <<< spring-boot:4.0.3:run (default-cli) < test-compile @ projeto <<<
[INFO] 
[INFO] 
[INFO] --- spring-boot:4.0.3:run (default-cli) @ projeto ---
[INFO] Attaching agents: []

  .   ____          _            __ _ _
 /\\ / ___'_ __ _ _(_)_ __  __ _ \ \ \ \
( ( )\___ | '_ | '_| | '_ \/ _` | \ \ \ \
 \\/  ___)| |_)| | | | | || (_| |  ) ) ) )
  '  |____| .__|_| |_|_| |_\__, | / / / /
 =========|_|==============|___/=/_/_/_/

 :: Spring Boot ::                (v4.0.3)

2026-03-31T10:28:29.561-03:00  INFO 13820 --- [projeto] [           main] com.example.projeto.ProjetoApplication   : Starting ProjetoApplication using Java 25.0.2 with PID 13820 (C:\Users\sabrina.00858\Desktop\Desenvolvimento de aviamentos\projeto\target\classes started by sabrina.00858 in C:\Users\sabrina.00858\Desktop\Desenvolvimento de aviamentos\projeto)
2026-03-31T10:28:29.565-03:00  INFO 13820 --- [projeto] [           main] com.example.projeto.ProjetoApplication   : No active profile set, falling back to 1 default profile: "default"
2026-03-31T10:28:30.717-03:00  INFO 13820 --- [projeto] [           main] .s.d.r.c.RepositoryConfigurationDelegate : Bootstrapping Spring Data JPA repositories in DEFAULT mode.
2026-03-31T10:28:30.831-03:00  INFO 13820 --- [projeto] [           main] .s.d.r.c.RepositoryConfigurationDelegate : Finished Spring Data repository scanning in 101 ms. Found 8 JPA repository interfaces.
2026-03-31T10:28:31.602-03:00  INFO 13820 --- [projeto] [           main] o.s.boot.tomcat.TomcatWebServer          : Tomcat initialized with port 8081 (http)
2026-03-31T10:28:31.626-03:00  INFO 13820 --- [projeto] [           main] o.apache.catalina.core.StandardService   : Starting service [Tomcat]
2026-03-31T10:28:31.627-03:00  INFO 13820 --- [projeto] [           main] o.apache.catalina.core.StandardEngine    : Starting Servlet engine: [Apache Tomcat/11.0.18]
2026-03-31T10:28:31.723-03:00  INFO 13820 --- [projeto] [           main] b.w.c.s.WebApplicationContextInitializer : Root WebApplicationContext: initialization completed in 2064 ms
2026-03-31T10:28:31.990-03:00  INFO 13820 --- [projeto] [           main] org.hibernate.orm.jpa                    : HHH008540: Processing PersistenceUnitInfo [name: default]
2026-03-31T10:28:32.101-03:00  INFO 13820 --- [projeto] [           main] org.hibernate.orm.core                   : HHH000001: Hibernate ORM core version 7.2.4.Final
2026-03-31T10:28:32.871-03:00  INFO 13820 --- [projeto] [           main] o.s.o.j.p.SpringPersistenceUnitInfo      : No LoadTimeWeaver setup: ignoring JPA class transformer
2026-03-31T10:28:32.935-03:00  INFO 13820 --- [projeto] [           main] com.zaxxer.hikari.HikariDataSource       : HikariPool-1 - Starting...
2026-03-31T10:28:37.450-03:00  INFO 13820 --- [projeto] [           main] com.zaxxer.hikari.pool.HikariPool        : HikariPool-1 - Added connection conn1: url=jdbc:h2:file:./data/aviamentos user=
2026-03-31T10:28:37.452-03:00  INFO 13820 --- [projeto] [           main] com.zaxxer.hikari.HikariDataSource       : HikariPool-1 - Start completed.
2026-03-31T10:28:37.543-03:00  INFO 13820 --- [projeto] [           main] org.hibernate.orm.connections.pooling    : HHH10001005: Database info:
	Database JDBC URL [jdbc:h2:file:./data/aviamentos]
	Database driver: H2 JDBC Driver
	Database dialect: H2Dialect
	Database version: 2.4.240
	Default catalog/schema: AVIAMENTOS/PUBLIC
	Autocommit mode: undefined/unknown
	Isolation level: READ_COMMITTED [default READ_COMMITTED]
	JDBC fetch size: 100
	Pool: DataSourceConnectionProvider
	Minimum pool size: undefined/unknown
	Maximum pool size: undefined/unknown
2026-03-31T10:28:39.388-03:00  INFO 13820 --- [projeto] [           main] org.hibernate.orm.core                   : HHH000489: No JTA platform available (set 'hibernate.transaction.jta.platform' to enable JTA platform integration)
2026-03-31T10:28:39.474-03:00  INFO 13820 --- [projeto] [           main] j.LocalContainerEntityManagerFactoryBean : Initialized JPA EntityManagerFactory for persistence unit 'default'
2026-03-31T10:28:39.603-03:00  INFO 13820 --- [projeto] [           main] o.s.d.j.r.query.QueryEnhancerFactories   : Hibernate is in classpath; If applicable, HQL parser will be used.
2026-03-31T10:28:43.499-03:00  WARN 13820 --- [projeto] [           main] JpaBaseConfiguration$JpaWebConfiguration : spring.jpa.open-in-view is enabled by default. Therefore, database queries may be performed during view rendering. Explicitly configure spring.jpa.open-in-view to disable this warning
2026-03-31T10:28:43.765-03:00 DEBUG 13820 --- [projeto] [           main] s.w.s.m.m.a.RequestMappingHandlerMapping : 36 mappings in 'requestMappingHandlerMapping'
2026-03-31T10:28:43.824-03:00 DEBUG 13820 --- [projeto] [           main] o.s.w.s.handler.SimpleUrlHandlerMapping  : Patterns [/webjars/**, /**] in 'resourceHandlerMapping'
2026-03-31T10:28:43.867-03:00 DEBUG 13820 --- [projeto] [           main] s.w.s.m.m.a.RequestMappingHandlerAdapter : ControllerAdvice beans: 0 @ModelAttribute, 0 @InitBinder, 2 RequestBodyAdvice, 1 ResponseBodyAdvice
2026-03-31T10:28:43.973-03:00 DEBUG 13820 --- [projeto] [           main] .m.m.a.ExceptionHandlerExceptionResolver : ControllerAdvice beans: 0 @ExceptionHandler, 1 ResponseBodyAdvice
2026-03-31T10:28:44.099-03:00  INFO 13820 --- [projeto] [           main] o.s.boot.tomcat.TomcatWebServer          : Tomcat started on port 8081 (http) with context path '/'
2026-03-31T10:28:44.107-03:00  INFO 13820 --- [projeto] [           main] com.example.projeto.ProjetoApplication   : Started ProjetoApplication in 15.273 seconds (process running for 16.005)
2026-03-31T10:29:46.013-03:00  INFO 13820 --- [projeto] [nio-8081-exec-1] o.a.c.c.C.[Tomcat].[localhost].[/]       : Initializing Spring DispatcherServlet 'dispatcherServlet'
2026-03-31T10:29:46.013-03:00  INFO 13820 --- [projeto] [nio-8081-exec-1] o.s.web.servlet.DispatcherServlet        : Initializing Servlet 'dispatcherServlet'
2026-03-31T10:29:46.013-03:00 DEBUG 13820 --- [projeto] [nio-8081-exec-1] o.s.web.servlet.DispatcherServlet        : Detected StandardServletMultipartResolver
2026-03-31T10:29:46.013-03:00 DEBUG 13820 --- [projeto] [nio-8081-exec-1] o.s.web.servlet.DispatcherServlet        : Detected AcceptHeaderLocaleResolver
2026-03-31T10:29:46.015-03:00 DEBUG 13820 --- [projeto] [nio-8081-exec-1] o.s.web.servlet.DispatcherServlet        : Detected org.springframework.web.servlet.view.DefaultRequestToViewNameTranslator@6432ce09
2026-03-31T10:29:46.015-03:00 DEBUG 13820 --- [projeto] [nio-8081-exec-1] o.s.web.servlet.DispatcherServlet        : Detected org.springframework.web.servlet.support.SessionFlashMapManager@5cef3456
2026-03-31T10:29:46.016-03:00 DEBUG 13820 --- [projeto] [nio-8081-exec-1] o.s.web.servlet.DispatcherServlet        : enableLoggingRequestDetails='false': request parameters and headers will be masked to prevent unsafe logging of potentially sensitive data
2026-03-31T10:29:46.016-03:00  INFO 13820 --- [projeto] [nio-8081-exec-1] o.s.web.servlet.DispatcherServlet        : Completed initialization in 3 ms
2026-03-31T10:29:46.029-03:00 DEBUG 13820 --- [projeto] [nio-8081-exec-1] o.s.web.servlet.DispatcherServlet        : GET "/", parameters={}
2026-03-31T10:29:46.045-03:00 DEBUG 13820 --- [projeto] [nio-8081-exec-1] s.w.s.m.m.a.RequestMappingHandlerMapping : Mapped to com.example.projeto.controller.DashboardController#dashboard(Long, Long, String, Model)
2026-03-31T10:29:46.593-03:00 DEBUG 13820 --- [projeto] [nio-8081-exec-1] o.s.w.s.v.ContentNegotiatingViewResolver : Selected 'text/html' given [text/html, application/xhtml+xml, image/avif, image/webp, image/apng, application/xml;q=0.9, */*;q=0.8, application/signed-exchange;v=b3;q=0.7]
2026-03-31T10:29:52.284-03:00 DEBUG 13820 --- [projeto] [nio-8081-exec-1] o.s.web.servlet.DispatcherServlet        : Completed 200 OK
2026-03-31T10:30:09.040-03:00 DEBUG 13820 --- [projeto] [nio-8081-exec-2] o.s.web.servlet.DispatcherServlet        : GET "/desenvolvimentos", parameters={}
2026-03-31T10:30:09.041-03:00 DEBUG 13820 --- [projeto] [nio-8081-exec-2] s.w.s.m.m.a.RequestMappingHandlerMapping : Mapped to com.example.projeto.controller.DesenvolvimentoController#lista(Long, Long, Long, Long, StatusDesenvolvimento, String, String, Model)
2026-03-31T10:30:09.128-03:00 DEBUG 13820 --- [projeto] [nio-8081-exec-2] o.s.w.s.v.ContentNegotiatingViewResolver : Selected 'text/html' given [text/html, application/xhtml+xml, image/avif, image/webp, image/apng, application/xml;q=0.9, */*;q=0.8, application/signed-exchange;v=b3;q=0.7]
2026-03-31T10:30:09.232-03:00 DEBUG 13820 --- [projeto] [nio-8081-exec-2] o.s.web.servlet.DispatcherServlet        : Completed 200 OK
2026-03-31T10:33:30.440-03:00 DEBUG 13820 --- [projeto] [nio-8081-exec-5] o.s.web.servlet.DispatcherServlet        : GET "/desenvolvimentos", parameters={}
2026-03-31T10:33:30.441-03:00 DEBUG 13820 --- [projeto] [nio-8081-exec-5] s.w.s.m.m.a.RequestMappingHandlerMapping : Mapped to com.example.projeto.controller.DesenvolvimentoController#lista(Long, Long, Long, Long, StatusDesenvolvimento, String, String, Model)
2026-03-31T10:33:30.532-03:00 DEBUG 13820 --- [projeto] [nio-8081-exec-5] o.s.w.s.v.ContentNegotiatingViewResolver : Selected 'text/html' given [text/html, application/xhtml+xml, image/avif, image/webp, image/apng, application/xml;q=0.9, */*;q=0.8, application/signed-exchange;v=b3;q=0.7]
2026-03-31T10:33:30.604-03:00 DEBUG 13820 --- [projeto] [nio-8081-exec-5] o.s.web.servlet.DispatcherServlet        : Completed 200 OK
2026-03-31T10:33:44.643-03:00 DEBUG 13820 --- [projeto] [nio-8081-exec-6] o.s.web.servlet.DispatcherServlet        : GET "/", parameters={}
2026-03-31T10:33:44.643-03:00 DEBUG 13820 --- [projeto] [nio-8081-exec-6] s.w.s.m.m.a.RequestMappingHandlerMapping : Mapped to com.example.projeto.controller.DashboardController#dashboard(Long, Long, String, Model)
2026-03-31T10:33:44.790-03:00 DEBUG 13820 --- [projeto] [nio-8081-exec-6] o.s.w.s.v.ContentNegotiatingViewResolver : Selected 'text/html' given [text/html, application/xhtml+xml, image/avif, image/webp, image/apng, application/xml;q=0.9, */*;q=0.8, application/signed-exchange;v=b3;q=0.7]
2026-03-31T10:33:44.830-03:00 DEBUG 13820 --- [projeto] [nio-8081-exec-6] o.s.web.servlet.DispatcherServlet        : Completed 200 OK
2026-03-31T10:33:48.253-03:00 DEBUG 13820 --- [projeto] [nio-8081-exec-7] o.s.web.servlet.DispatcherServlet        : GET "/desenvolvimentos", parameters={}
2026-03-31T10:33:48.254-03:00 DEBUG 13820 --- [projeto] [nio-8081-exec-7] s.w.s.m.m.a.RequestMappingHandlerMapping : Mapped to com.example.projeto.controller.DesenvolvimentoController#lista(Long, Long, Long, Long, StatusDesenvolvimento, String, String, Model)
2026-03-31T10:33:48.283-03:00 DEBUG 13820 --- [projeto] [nio-8081-exec-7] o.s.w.s.v.ContentNegotiatingViewResolver : Selected 'text/html' given [text/html, application/xhtml+xml, image/avif, image/webp, image/apng, application/xml;q=0.9, */*;q=0.8, application/signed-exchange;v=b3;q=0.7]
2026-03-31T10:33:48.318-03:00 DEBUG 13820 --- [projeto] [nio-8081-exec-7] o.s.web.servlet.DispatcherServlet        : Completed 200 OK
2026-03-31T10:34:48.189-03:00 DEBUG 13820 --- [projeto] [nio-8081-exec-9] o.s.web.servlet.DispatcherServlet        : GET "/", parameters={}
2026-03-31T10:34:48.189-03:00 DEBUG 13820 --- [projeto] [nio-8081-exec-9] s.w.s.m.m.a.RequestMappingHandlerMapping : Mapped to com.example.projeto.controller.DashboardController#dashboard(Long, Long, String, Model)
2026-03-31T10:34:48.271-03:00 DEBUG 13820 --- [projeto] [nio-8081-exec-9] o.s.w.s.v.ContentNegotiatingViewResolver : Selected 'text/html' given [text/html, application/xhtml+xml, image/avif, image/webp, image/apng, application/xml;q=0.9, */*;q=0.8, application/signed-exchange;v=b3;q=0.7]
2026-03-31T10:34:48.302-03:00 DEBUG 13820 --- [projeto] [nio-8081-exec-9] o.s.web.servlet.DispatcherServlet        : Completed 200 OK
2026-03-31T10:34:51.150-03:00 DEBUG 13820 --- [projeto] [io-8081-exec-10] o.s.web.servlet.DispatcherServlet        : GET "/", parameters={}
2026-03-31T10:34:51.151-03:00 DEBUG 13820 --- [projeto] [io-8081-exec-10] s.w.s.m.m.a.RequestMappingHandlerMapping : Mapped to com.example.projeto.controller.DashboardController#dashboard(Long, Long, String, Model)
2026-03-31T10:34:51.222-03:00 DEBUG 13820 --- [projeto] [io-8081-exec-10] o.s.w.s.v.ContentNegotiatingViewResolver : Selected 'text/html' given [text/html, application/xhtml+xml, image/avif, image/webp, image/apng, application/xml;q=0.9, */*;q=0.8, application/signed-exchange;v=b3;q=0.7]
2026-03-31T10:34:51.249-03:00 DEBUG 13820 --- [projeto] [io-8081-exec-10] o.s.web.servlet.DispatcherServlet        : Completed 200 OK
2026-03-31T10:34:55.024-03:00 DEBUG 13820 --- [projeto] [nio-8081-exec-1] o.s.web.servlet.DispatcherServlet        : GET "/desenvolvimentos", parameters={}
2026-03-31T10:34:55.024-03:00 DEBUG 13820 --- [projeto] [nio-8081-exec-1] s.w.s.m.m.a.RequestMappingHandlerMapping : Mapped to com.example.projeto.controller.DesenvolvimentoController#lista(Long, Long, Long, Long, StatusDesenvolvimento, String, String, Model)
2026-03-31T10:34:55.060-03:00 DEBUG 13820 --- [projeto] [nio-8081-exec-1] o.s.w.s.v.ContentNegotiatingViewResolver : Selected 'text/html' given [text/html, application/xhtml+xml, image/avif, image/webp, image/apng, application/xml;q=0.9, */*;q=0.8, application/signed-exchange;v=b3;q=0.7]
2026-03-31T10:34:55.098-03:00 DEBUG 13820 --- [projeto] [nio-8081-exec-1] o.s.web.servlet.DispatcherServlet        : Completed 200 OK
2026-03-31T10:34:58.125-03:00 DEBUG 13820 --- [projeto] [nio-8081-exec-2] o.s.web.servlet.DispatcherServlet        : GET "/desenvolvimentos", parameters={}
2026-03-31T10:34:58.125-03:00 DEBUG 13820 --- [projeto] [nio-8081-exec-2] s.w.s.m.m.a.RequestMappingHandlerMapping : Mapped to com.example.projeto.controller.DesenvolvimentoController#lista(Long, Long, Long, Long, StatusDesenvolvimento, String, String, Model)
2026-03-31T10:34:58.149-03:00 DEBUG 13820 --- [projeto] [nio-8081-exec-2] o.s.w.s.v.ContentNegotiatingViewResolver : Selected 'text/html' given [text/html, application/xhtml+xml, image/avif, image/webp, image/apng, application/xml;q=0.9, */*;q=0.8, application/signed-exchange;v=b3;q=0.7]
2026-03-31T10:34:58.179-03:00 DEBUG 13820 --- [projeto] [nio-8081-exec-2] o.s.web.servlet.DispatcherServlet        : Completed 200 OK
2026-03-31T10:35:05.964-03:00 DEBUG 13820 --- [projeto] [nio-8081-exec-3] o.s.web.servlet.DispatcherServlet        : GET "/desenvolvimentos/129/ficha", parameters={}
2026-03-31T10:35:05.965-03:00 DEBUG 13820 --- [projeto] [nio-8081-exec-3] s.w.s.m.m.a.RequestMappingHandlerMapping : Mapped to com.example.projeto.controller.DesenvolvimentoController#ficha(Long, Model)
2026-03-31T10:35:05.988-03:00 DEBUG 13820 --- [projeto] [nio-8081-exec-3] o.s.w.s.v.ContentNegotiatingViewResolver : Selected 'text/html' given [text/html, application/xhtml+xml, image/avif, image/webp, image/apng, application/xml;q=0.9, */*;q=0.8, application/signed-exchange;v=b3;q=0.7]
2026-03-31T10:35:06.006-03:00 DEBUG 13820 --- [projeto] [nio-8081-exec-3] o.s.web.servlet.DispatcherServlet        : Completed 200 OK
2026-03-31T11:04:21.799-03:00 DEBUG 13820 --- [projeto] [nio-8081-exec-6] o.s.web.servlet.DispatcherServlet        : GET "/desenvolvimentos", parameters={}
2026-03-31T11:04:21.799-03:00 DEBUG 13820 --- [projeto] [nio-8081-exec-6] s.w.s.m.m.a.RequestMappingHandlerMapping : Mapped to com.example.projeto.controller.DesenvolvimentoController#lista(Long, Long, Long, Long, StatusDesenvolvimento, String, String, Model)
2026-03-31T11:04:21.824-03:00 DEBUG 13820 --- [projeto] [nio-8081-exec-6] o.s.w.s.v.ContentNegotiatingViewResolver : Selected 'text/html' given [text/html, application/xhtml+xml, image/avif, image/webp, image/apng, application/xml;q=0.9, */*;q=0.8, application/signed-exchange;v=b3;q=0.7]
2026-03-31T11:04:21.861-03:00 DEBUG 13820 --- [projeto] [nio-8081-exec-6] o.s.web.servlet.DispatcherServlet        : Completed 200 OK
2026-03-31T11:04:25.013-03:00 DEBUG 13820 --- [projeto] [nio-8081-exec-7] o.s.web.servlet.DispatcherServlet        : GET "/", parameters={}
2026-03-31T11:04:25.013-03:00 DEBUG 13820 --- [projeto] [nio-8081-exec-7] s.w.s.m.m.a.RequestMappingHandlerMapping : Mapped to com.example.projeto.controller.DashboardController#dashboard(Long, Long, String, Model)
2026-03-31T11:04:25.056-03:00 DEBUG 13820 --- [projeto] [nio-8081-exec-7] o.s.w.s.v.ContentNegotiatingViewResolver : Selected 'text/html' given [text/html, application/xhtml+xml, image/avif, image/webp, image/apng, application/xml;q=0.9, */*;q=0.8, application/signed-exchange;v=b3;q=0.7]
2026-03-31T11:04:25.080-03:00 DEBUG 13820 --- [projeto] [nio-8081-exec-7] o.s.web.servlet.DispatcherServlet        : Completed 200 OK
2026-03-31T11:04:48.401-03:00 DEBUG 13820 --- [projeto] [nio-8081-exec-8] o.s.web.servlet.DispatcherServlet        : GET "/?categoriaMasterId=1&colecaoId=3", parameters={masked}
2026-03-31T11:04:48.403-03:00 DEBUG 13820 --- [projeto] [nio-8081-exec-8] s.w.s.m.m.a.RequestMappingHandlerMapping : Mapped to com.example.projeto.controller.DashboardController#dashboard(Long, Long, String, Model)
2026-03-31T11:04:48.423-03:00 DEBUG 13820 --- [projeto] [nio-8081-exec-8] o.s.w.s.v.ContentNegotiatingViewResolver : Selected 'text/html' given [text/html, application/xhtml+xml, image/avif, image/webp, image/apng, application/xml;q=0.9, */*;q=0.8, application/signed-exchange;v=b3;q=0.7]
2026-03-31T11:04:48.446-03:00 DEBUG 13820 --- [projeto] [nio-8081-exec-8] o.s.web.servlet.DispatcherServlet        : Completed 200 OK
2026-03-31T11:04:51.213-03:00 DEBUG 13820 --- [projeto] [nio-8081-exec-9] o.s.web.servlet.DispatcherServlet        : GET "/?limpar=1", parameters={masked}
2026-03-31T11:04:51.213-03:00 DEBUG 13820 --- [projeto] [nio-8081-exec-9] s.w.s.m.m.a.RequestMappingHandlerMapping : Mapped to com.example.projeto.controller.DashboardController#dashboard(Long, Long, String, Model)
2026-03-31T11:04:51.284-03:00 DEBUG 13820 --- [projeto] [nio-8081-exec-9] o.s.w.s.v.ContentNegotiatingViewResolver : Selected 'text/html' given [text/html, application/xhtml+xml, image/avif, image/webp, image/apng, application/xml;q=0.9, */*;q=0.8, application/signed-exchange;v=b3;q=0.7]
2026-03-31T11:04:51.314-03:00 DEBUG 13820 --- [projeto] [nio-8081-exec-9] o.s.web.servlet.DispatcherServlet        : Completed 200 OK
2026-03-31T11:06:15.077-03:00 DEBUG 13820 --- [projeto] [nio-8081-exec-2] o.s.web.servlet.DispatcherServlet        : GET "/?categoriaMasterId=&colecaoId=3", parameters={masked}
2026-03-31T11:06:15.080-03:00 DEBUG 13820 --- [projeto] [nio-8081-exec-2] s.w.s.m.m.a.RequestMappingHandlerMapping : Mapped to com.example.projeto.controller.DashboardController#dashboard(Long, Long, String, Model)
2026-03-31T11:06:15.124-03:00 DEBUG 13820 --- [projeto] [nio-8081-exec-2] o.s.w.s.v.ContentNegotiatingViewResolver : Selected 'text/html' given [text/html, application/xhtml+xml, image/avif, image/webp, image/apng, application/xml;q=0.9, */*;q=0.8, application/signed-exchange;v=b3;q=0.7]
2026-03-31T11:06:15.147-03:00 DEBUG 13820 --- [projeto] [nio-8081-exec-2] o.s.web.servlet.DispatcherServlet        : Completed 200 OK
2026-03-31T11:06:45.448-03:00 DEBUG 13820 --- [projeto] [nio-8081-exec-3] o.s.web.servlet.DispatcherServlet        : GET "/?limpar=1", parameters={masked}
2026-03-31T11:06:45.448-03:00 DEBUG 13820 --- [projeto] [nio-8081-exec-3] s.w.s.m.m.a.RequestMappingHandlerMapping : Mapped to com.example.projeto.controller.DashboardController#dashboard(Long, Long, String, Model)
2026-03-31T11:06:45.511-03:00 DEBUG 13820 --- [projeto] [nio-8081-exec-3] o.s.w.s.v.ContentNegotiatingViewResolver : Selected 'text/html' given [text/html, application/xhtml+xml, image/avif, image/webp, image/apng, application/xml;q=0.9, */*;q=0.8, application/signed-exchange;v=b3;q=0.7]
2026-03-31T11:06:45.539-03:00 DEBUG 13820 --- [projeto] [nio-8081-exec-3] o.s.web.servlet.DispatcherServlet        : Completed 200 OK
2026-03-31T11:06:50.148-03:00 DEBUG 13820 --- [projeto] [nio-8081-exec-4] o.s.web.servlet.DispatcherServlet        : GET "/?categoriaMasterId=&colecaoId=3", parameters={masked}
2026-03-31T11:06:50.148-03:00 DEBUG 13820 --- [projeto] [nio-8081-exec-4] s.w.s.m.m.a.RequestMappingHandlerMapping : Mapped to com.example.projeto.controller.DashboardController#dashboard(Long, Long, String, Model)
2026-03-31T11:06:50.180-03:00 DEBUG 13820 --- [projeto] [nio-8081-exec-4] o.s.w.s.v.ContentNegotiatingViewResolver : Selected 'text/html' given [text/html, application/xhtml+xml, image/avif, image/webp, image/apng, application/xml;q=0.9, */*;q=0.8, application/signed-exchange;v=b3;q=0.7]
2026-03-31T11:06:50.205-03:00 DEBUG 13820 --- [projeto] [nio-8081-exec-4] o.s.web.servlet.DispatcherServlet        : Completed 200 OK
2026-03-31T11:23:13.598-03:00 DEBUG 13820 --- [projeto] [nio-8081-exec-7] o.s.web.servlet.DispatcherServlet        : GET "/marcas", parameters={}
2026-03-31T11:23:13.598-03:00 DEBUG 13820 --- [projeto] [nio-8081-exec-7] s.w.s.m.m.a.RequestMappingHandlerMapping : Mapped to com.example.projeto.controller.MarcaController#lista(Model)
2026-03-31T11:23:13.612-03:00 DEBUG 13820 --- [projeto] [nio-8081-exec-7] o.s.w.s.v.ContentNegotiatingViewResolver : Selected 'text/html' given [text/html, application/xhtml+xml, image/avif, image/webp, image/apng, application/xml;q=0.9, */*;q=0.8, application/signed-exchange;v=b3;q=0.7]
2026-03-31T11:23:13.621-03:00 DEBUG 13820 --- [projeto] [nio-8081-exec-7] o.s.web.servlet.DispatcherServlet        : Completed 200 OK
2026-03-31T11:23:27.988-03:00 DEBUG 13820 --- [projeto] [nio-8081-exec-8] o.s.web.servlet.DispatcherServlet        : GET "/colecoes", parameters={}
2026-03-31T11:23:27.988-03:00 DEBUG 13820 --- [projeto] [nio-8081-exec-8] s.w.s.m.m.a.RequestMappingHandlerMapping : Mapped to com.example.projeto.controller.ColecaoController#lista(Model)
2026-03-31T11:23:28.000-03:00 DEBUG 13820 --- [projeto] [nio-8081-exec-8] o.s.w.s.v.ContentNegotiatingViewResolver : Selected 'text/html' given [text/html, application/xhtml+xml, image/avif, image/webp, image/apng, application/xml;q=0.9, */*;q=0.8, application/signed-exchange;v=b3;q=0.7]
2026-03-31T11:23:28.010-03:00 DEBUG 13820 --- [projeto] [nio-8081-exec-8] o.s.web.servlet.DispatcherServlet        : Completed 200 OK
2026-03-31T11:23:35.380-03:00 DEBUG 13820 --- [projeto] [nio-8081-exec-9] o.s.web.servlet.DispatcherServlet        : GET "/categorias", parameters={}
2026-03-31T11:23:35.381-03:00 DEBUG 13820 --- [projeto] [nio-8081-exec-9] s.w.s.m.m.a.RequestMappingHandlerMapping : Mapped to com.example.projeto.controller.CategoriaController#lista(Long, Model)
2026-03-31T11:23:35.397-03:00 DEBUG 13820 --- [projeto] [nio-8081-exec-9] o.s.w.s.v.ContentNegotiatingViewResolver : Selected 'text/html' given [text/html, application/xhtml+xml, image/avif, image/webp, image/apng, application/xml;q=0.9, */*;q=0.8, application/signed-exchange;v=b3;q=0.7]
2026-03-31T11:23:35.425-03:00 DEBUG 13820 --- [projeto] [nio-8081-exec-9] o.s.web.servlet.DispatcherServlet        : Completed 200 OK
2026-03-31T11:23:38.131-03:00 DEBUG 13820 --- [projeto] [io-8081-exec-10] o.s.web.servlet.DispatcherServlet        : GET "/categorias?categoriaMasterId=1", parameters={masked}
2026-03-31T11:23:38.131-03:00 DEBUG 13820 --- [projeto] [io-8081-exec-10] s.w.s.m.m.a.RequestMappingHandlerMapping : Mapped to com.example.projeto.controller.CategoriaController#lista(Long, Model)
2026-03-31T11:23:38.142-03:00 DEBUG 13820 --- [projeto] [io-8081-exec-10] o.s.w.s.v.ContentNegotiatingViewResolver : Selected 'text/html' given [text/html, application/xhtml+xml, image/avif, image/webp, image/apng, application/xml;q=0.9, */*;q=0.8, application/signed-exchange;v=b3;q=0.7]
2026-03-31T11:23:38.155-03:00 DEBUG 13820 --- [projeto] [io-8081-exec-10] o.s.web.servlet.DispatcherServlet        : Completed 200 OK
2026-03-31T11:23:38.811-03:00 DEBUG 13820 --- [projeto] [nio-8081-exec-1] o.s.web.servlet.DispatcherServlet        : GET "/categorias?categoriaMasterId=2", parameters={masked}
2026-03-31T11:23:38.811-03:00 DEBUG 13820 --- [projeto] [nio-8081-exec-1] s.w.s.m.m.a.RequestMappingHandlerMapping : Mapped to com.example.projeto.controller.CategoriaController#lista(Long, Model)
2026-03-31T11:23:38.815-03:00 DEBUG 13820 --- [projeto] [nio-8081-exec-1] o.s.w.s.v.ContentNegotiatingViewResolver : Selected 'text/html' given [text/html, application/xhtml+xml, image/avif, image/webp, image/apng, application/xml;q=0.9, */*;q=0.8, application/signed-exchange;v=b3;q=0.7]
2026-03-31T11:23:38.834-03:00 DEBUG 13820 --- [projeto] [nio-8081-exec-1] o.s.web.servlet.DispatcherServlet        : Completed 200 OK
2026-03-31T11:23:39.997-03:00 DEBUG 13820 --- [projeto] [nio-8081-exec-2] o.s.web.servlet.DispatcherServlet        : GET "/categorias?categoriaMasterId=1", parameters={masked}
2026-03-31T11:23:39.997-03:00 DEBUG 13820 --- [projeto] [nio-8081-exec-2] s.w.s.m.m.a.RequestMappingHandlerMapping : Mapped to com.example.projeto.controller.CategoriaController#lista(Long, Model)
2026-03-31T11:23:40.001-03:00 DEBUG 13820 --- [projeto] [nio-8081-exec-2] o.s.w.s.v.ContentNegotiatingViewResolver : Selected 'text/html' given [text/html, application/xhtml+xml, image/avif, image/webp, image/apng, application/xml;q=0.9, */*;q=0.8, application/signed-exchange;v=b3;q=0.7]
2026-03-31T11:23:40.013-03:00 DEBUG 13820 --- [projeto] [nio-8081-exec-2] o.s.web.servlet.DispatcherServlet        : Completed 200 OK
2026-03-31T11:23:56.627-03:00 DEBUG 13820 --- [projeto] [nio-8081-exec-3] o.s.web.servlet.DispatcherServlet        : GET "/categorias?categoriaMasterId=2", parameters={masked}
2026-03-31T11:23:56.627-03:00 DEBUG 13820 --- [projeto] [nio-8081-exec-3] s.w.s.m.m.a.RequestMappingHandlerMapping : Mapped to com.example.projeto.controller.CategoriaController#lista(Long, Model)
2026-03-31T11:23:56.632-03:00 DEBUG 13820 --- [projeto] [nio-8081-exec-3] o.s.w.s.v.ContentNegotiatingViewResolver : Selected 'text/html' given [text/html, application/xhtml+xml, image/avif, image/webp, image/apng, application/xml;q=0.9, */*;q=0.8, application/signed-exchange;v=b3;q=0.7]
2026-03-31T11:23:56.644-03:00 DEBUG 13820 --- [projeto] [nio-8081-exec-3] o.s.web.servlet.DispatcherServlet        : Completed 200 OK
2026-03-31T11:24:05.779-03:00 DEBUG 13820 --- [projeto] [nio-8081-exec-4] o.s.web.servlet.DispatcherServlet        : GET "/categorias", parameters={}
2026-03-31T11:24:05.779-03:00 DEBUG 13820 --- [projeto] [nio-8081-exec-4] s.w.s.m.m.a.RequestMappingHandlerMapping : Mapped to com.example.projeto.controller.CategoriaController#lista(Long, Model)
2026-03-31T11:24:05.784-03:00 DEBUG 13820 --- [projeto] [nio-8081-exec-4] o.s.w.s.v.ContentNegotiatingViewResolver : Selected 'text/html' given [text/html, application/xhtml+xml, image/avif, image/webp, image/apng, application/xml;q=0.9, */*;q=0.8, application/signed-exchange;v=b3;q=0.7]
2026-03-31T11:24:05.799-03:00 DEBUG 13820 --- [projeto] [nio-8081-exec-4] o.s.web.servlet.DispatcherServlet        : Completed 200 OK
2026-03-31T11:24:21.740-03:00 DEBUG 13820 --- [projeto] [nio-8081-exec-6] o.s.web.servlet.DispatcherServlet        : GET "/categorias?categoriaMasterId=1", parameters={masked}
2026-03-31T11:24:21.741-03:00 DEBUG 13820 --- [projeto] [nio-8081-exec-6] s.w.s.m.m.a.RequestMappingHandlerMapping : Mapped to com.example.projeto.controller.CategoriaController#lista(Long, Model)
2026-03-31T11:24:21.745-03:00 DEBUG 13820 --- [projeto] [nio-8081-exec-6] o.s.w.s.v.ContentNegotiatingViewResolver : Selected 'text/html' given [text/html, application/xhtml+xml, image/avif, image/webp, image/apng, application/xml;q=0.9, */*;q=0.8, application/signed-exchange;v=b3;q=0.7]
2026-03-31T11:24:21.754-03:00 DEBUG 13820 --- [projeto] [nio-8081-exec-6] o.s.web.servlet.DispatcherServlet        : Completed 200 OK
2026-03-31T11:24:24.315-03:00 DEBUG 13820 --- [projeto] [nio-8081-exec-7] o.s.web.servlet.DispatcherServlet        : GET "/fornecedores", parameters={}
2026-03-31T11:24:24.316-03:00 DEBUG 13820 --- [projeto] [nio-8081-exec-7] s.w.s.m.m.a.RequestMappingHandlerMapping : Mapped to com.example.projeto.controller.FornecedorController#lista(Model)
2026-03-31T11:24:24.327-03:00 DEBUG 13820 --- [projeto] [nio-8081-exec-7] o.s.w.s.v.ContentNegotiatingViewResolver : Selected 'text/html' given [text/html, application/xhtml+xml, image/avif, image/webp, image/apng, application/xml;q=0.9, */*;q=0.8, application/signed-exchange;v=b3;q=0.7]
2026-03-31T11:24:24.341-03:00 DEBUG 13820 --- [projeto] [nio-8081-exec-7] o.s.web.servlet.DispatcherServlet        : Completed 200 OK
2026-03-31T11:24:37.218-03:00 DEBUG 13820 --- [projeto] [nio-8081-exec-8] o.s.web.servlet.DispatcherServlet        : GET "/desenvolvimentos", parameters={}
2026-03-31T11:24:37.218-03:00 DEBUG 13820 --- [projeto] [nio-8081-exec-8] s.w.s.m.m.a.RequestMappingHandlerMapping : Mapped to com.example.projeto.controller.DesenvolvimentoController#lista(Long, Long, Long, Long, StatusDesenvolvimento, String, String, Model)
2026-03-31T11:24:37.237-03:00 DEBUG 13820 --- [projeto] [nio-8081-exec-8] o.s.w.s.v.ContentNegotiatingViewResolver : Selected 'text/html' given [text/html, application/xhtml+xml, image/avif, image/webp, image/apng, application/xml;q=0.9, */*;q=0.8, application/signed-exchange;v=b3;q=0.7]
2026-03-31T11:24:37.270-03:00 DEBUG 13820 --- [projeto] [nio-8081-exec-8] o.s.web.servlet.DispatcherServlet        : Completed 200 OK
2026-03-31T11:24:42.886-03:00 DEBUG 13820 --- [projeto] [nio-8081-exec-9] o.s.web.servlet.DispatcherServlet        : GET "/desenvolvimentos/novo", parameters={}
2026-03-31T11:24:42.886-03:00 DEBUG 13820 --- [projeto] [nio-8081-exec-9] s.w.s.m.m.a.RequestMappingHandlerMapping : Mapped to com.example.projeto.controller.DesenvolvimentoController#novoForm(Model)
2026-03-31T11:24:42.903-03:00 DEBUG 13820 --- [projeto] [nio-8081-exec-9] o.s.w.s.v.ContentNegotiatingViewResolver : Selected 'text/html' given [text/html, application/xhtml+xml, image/avif, image/webp, image/apng, application/xml;q=0.9, */*;q=0.8, application/signed-exchange;v=b3;q=0.7]
2026-03-31T11:24:42.931-03:00 DEBUG 13820 --- [projeto] [nio-8081-exec-9] o.s.web.servlet.DispatcherServlet        : Completed 200 OK
2026-03-31T11:25:21.654-03:00 DEBUG 13820 --- [projeto] [io-8081-exec-10] o.s.web.servlet.DispatcherServlet        : POST "/desenvolvimentos/salvar", parameters={masked}
2026-03-31T11:25:21.655-03:00 DEBUG 13820 --- [projeto] [io-8081-exec-10] s.w.s.m.m.a.RequestMappingHandlerMapping : Mapped to com.example.projeto.controller.DesenvolvimentoController#salvar(String, String, Long, Long, Long, StatusDesenvolvimento, Long, String, String, String, RedirectAttributes)
2026-03-31T11:25:21.815-03:00 DEBUG 13820 --- [projeto] [io-8081-exec-10] o.s.web.servlet.view.RedirectView        : View name [redirect:], model {}
2026-03-31T11:25:21.867-03:00 DEBUG 13820 --- [projeto] [io-8081-exec-10] o.s.web.servlet.DispatcherServlet        : Completed 302 FOUND
2026-03-31T11:25:21.876-03:00 DEBUG 13820 --- [projeto] [nio-8081-exec-2] o.s.web.servlet.DispatcherServlet        : GET "/desenvolvimentos", parameters={}
2026-03-31T11:25:21.877-03:00 DEBUG 13820 --- [projeto] [nio-8081-exec-2] s.w.s.m.m.a.RequestMappingHandlerMapping : Mapped to com.example.projeto.controller.DesenvolvimentoController#lista(Long, Long, Long, Long, StatusDesenvolvimento, String, String, Model)
2026-03-31T11:25:21.895-03:00 DEBUG 13820 --- [projeto] [nio-8081-exec-2] o.s.w.s.v.ContentNegotiatingViewResolver : Selected 'text/html' given [text/html, application/xhtml+xml, image/avif, image/webp, image/apng, application/xml;q=0.9, */*;q=0.8, application/signed-exchange;v=b3;q=0.7]
2026-03-31T11:25:22.049-03:00 DEBUG 13820 --- [projeto] [nio-8081-exec-2] o.s.web.servlet.DispatcherServlet        : Completed 200 OK
2026-03-31T11:26:06.933-03:00 DEBUG 13820 --- [projeto] [nio-8081-exec-4] o.s.web.servlet.DispatcherServlet        : GET "/desenvolvimentos", parameters={}
2026-03-31T11:26:06.934-03:00 DEBUG 13820 --- [projeto] [nio-8081-exec-4] s.w.s.m.m.a.RequestMappingHandlerMapping : Mapped to com.example.projeto.controller.DesenvolvimentoController#lista(Long, Long, Long, Long, StatusDesenvolvimento, String, String, Model)
2026-03-31T11:26:06.955-03:00 DEBUG 13820 --- [projeto] [nio-8081-exec-4] o.s.w.s.v.ContentNegotiatingViewResolver : Selected 'text/html' given [text/html, application/xhtml+xml, image/avif, image/webp, image/apng, application/xml;q=0.9, */*;q=0.8, application/signed-exchange;v=b3;q=0.7]
2026-03-31T11:26:06.998-03:00 DEBUG 13820 --- [projeto] [nio-8081-exec-4] o.s.web.servlet.DispatcherServlet        : Completed 200 OK
2026-03-31T11:26:47.984-03:00 DEBUG 13820 --- [projeto] [nio-8081-exec-5] o.s.web.servlet.DispatcherServlet        : GET "/desenvolvimentos?codigo=S8080&colecaoId=&marcaId=&categoriaMasterId=&categoriaId=&status=&fornecedor=", parameters={masked}
2026-03-31T11:26:47.984-03:00 DEBUG 13820 --- [projeto] [nio-8081-exec-5] s.w.s.m.m.a.RequestMappingHandlerMapping : Mapped to com.example.projeto.controller.DesenvolvimentoController#lista(Long, Long, Long, Long, StatusDesenvolvimento, String, String, Model)
2026-03-31T11:26:47.994-03:00 DEBUG 13820 --- [projeto] [nio-8081-exec-5] o.s.w.s.v.ContentNegotiatingViewResolver : Selected 'text/html' given [text/html, application/xhtml+xml, image/avif, image/webp, image/apng, application/xml;q=0.9, */*;q=0.8, application/signed-exchange;v=b3;q=0.7]
2026-03-31T11:26:48.007-03:00 DEBUG 13820 --- [projeto] [nio-8081-exec-5] o.s.web.servlet.DispatcherServlet        : Completed 200 OK
2026-03-31T11:26:55.331-03:00 DEBUG 13820 --- [projeto] [nio-8081-exec-6] o.s.web.servlet.DispatcherServlet        : GET "/desenvolvimentos", parameters={}
2026-03-31T11:26:55.331-03:00 DEBUG 13820 --- [projeto] [nio-8081-exec-6] s.w.s.m.m.a.RequestMappingHandlerMapping : Mapped to com.example.projeto.controller.DesenvolvimentoController#lista(Long, Long, Long, Long, StatusDesenvolvimento, String, String, Model)
2026-03-31T11:26:55.351-03:00 DEBUG 13820 --- [projeto] [nio-8081-exec-6] o.s.w.s.v.ContentNegotiatingViewResolver : Selected 'text/html' given [text/html, application/xhtml+xml, image/avif, image/webp, image/apng, application/xml;q=0.9, */*;q=0.8, application/signed-exchange;v=b3;q=0.7]
2026-03-31T11:26:55.398-03:00 DEBUG 13820 --- [projeto] [nio-8081-exec-6] o.s.web.servlet.DispatcherServlet        : Completed 200 OK
2026-03-31T11:26:57.380-03:00 DEBUG 13820 --- [projeto] [nio-8081-exec-7] o.s.web.servlet.DispatcherServlet        : GET "/desenvolvimentos/129", parameters={}
2026-03-31T11:26:57.381-03:00 DEBUG 13820 --- [projeto] [nio-8081-exec-7] s.w.s.m.m.a.RequestMappingHandlerMapping : Mapped to com.example.projeto.controller.DesenvolvimentoController#detalhe(Long, Model)
2026-03-31T11:26:57.416-03:00 DEBUG 13820 --- [projeto] [nio-8081-exec-7] o.s.w.s.v.ContentNegotiatingViewResolver : Selected 'text/html' given [text/html, application/xhtml+xml, image/avif, image/webp, image/apng, application/xml;q=0.9, */*;q=0.8, application/signed-exchange;v=b3;q=0.7]
2026-03-31T11:26:57.493-03:00 DEBUG 13820 --- [projeto] [nio-8081-exec-7] o.s.web.servlet.DispatcherServlet        : Completed 200 OK
2026-03-31T11:27:00.619-03:00 DEBUG 13820 --- [projeto] [nio-8081-exec-8] o.s.web.servlet.DispatcherServlet        : GET "/desenvolvimentos", parameters={}
2026-03-31T11:27:00.619-03:00 DEBUG 13820 --- [projeto] [nio-8081-exec-8] s.w.s.m.m.a.RequestMappingHandlerMapping : Mapped to com.example.projeto.controller.DesenvolvimentoController#lista(Long, Long, Long, Long, StatusDesenvolvimento, String, String, Model)
2026-03-31T11:27:00.646-03:00 DEBUG 13820 --- [projeto] [nio-8081-exec-8] o.s.w.s.v.ContentNegotiatingViewResolver : Selected 'text/html' given [text/html, application/xhtml+xml, image/avif, image/webp, image/apng, application/xml;q=0.9, */*;q=0.8, application/signed-exchange;v=b3;q=0.7]
2026-03-31T11:27:00.691-03:00 DEBUG 13820 --- [projeto] [nio-8081-exec-8] o.s.web.servlet.DispatcherServlet        : Completed 200 OK
2026-03-31T11:27:03.985-03:00 DEBUG 13820 --- [projeto] [nio-8081-exec-9] o.s.web.servlet.DispatcherServlet        : GET "/desenvolvimentos?codigo=S2021&colecaoId=&marcaId=&categoriaMasterId=&categoriaId=&status=&fornecedor=", parameters={masked}
2026-03-31T11:27:03.985-03:00 DEBUG 13820 --- [projeto] [nio-8081-exec-9] s.w.s.m.m.a.RequestMappingHandlerMapping : Mapped to com.example.projeto.controller.DesenvolvimentoController#lista(Long, Long, Long, Long, StatusDesenvolvimento, String, String, Model)
2026-03-31T11:27:04.003-03:00 DEBUG 13820 --- [projeto] [nio-8081-exec-9] o.s.w.s.v.ContentNegotiatingViewResolver : Selected 'text/html' given [text/html, application/xhtml+xml, image/avif, image/webp, image/apng, application/xml;q=0.9, */*;q=0.8, application/signed-exchange;v=b3;q=0.7]
2026-03-31T11:27:04.019-03:00 DEBUG 13820 --- [projeto] [nio-8081-exec-9] o.s.web.servlet.DispatcherServlet        : Completed 200 OK
2026-03-31T11:27:10.526-03:00 DEBUG 13820 --- [projeto] [nio-8081-exec-1] o.s.web.servlet.DispatcherServlet        : GET "/desenvolvimentos?codigo=AMG1010&colecaoId=&marcaId=&categoriaMasterId=&categoriaId=&status=&fornecedor=", parameters={masked}
2026-03-31T11:27:10.527-03:00 DEBUG 13820 --- [projeto] [nio-8081-exec-1] s.w.s.m.m.a.RequestMappingHandlerMapping : Mapped to com.example.projeto.controller.DesenvolvimentoController#lista(Long, Long, Long, Long, StatusDesenvolvimento, String, String, Model)
2026-03-31T11:27:10.541-03:00 DEBUG 13820 --- [projeto] [nio-8081-exec-1] o.s.w.s.v.ContentNegotiatingViewResolver : Selected 'text/html' given [text/html, application/xhtml+xml, image/avif, image/webp, image/apng, application/xml;q=0.9, */*;q=0.8, application/signed-exchange;v=b3;q=0.7]
2026-03-31T11:27:10.560-03:00 DEBUG 13820 --- [projeto] [nio-8081-exec-1] o.s.web.servlet.DispatcherServlet        : Completed 200 OK
2026-03-31T11:27:13.515-03:00 DEBUG 13820 --- [projeto] [nio-8081-exec-2] o.s.web.servlet.DispatcherServlet        : GET "/desenvolvimentos", parameters={}
2026-03-31T11:27:13.515-03:00 DEBUG 13820 --- [projeto] [nio-8081-exec-2] s.w.s.m.m.a.RequestMappingHandlerMapping : Mapped to com.example.projeto.controller.DesenvolvimentoController#lista(Long, Long, Long, Long, StatusDesenvolvimento, String, String, Model)
2026-03-31T11:27:13.532-03:00 DEBUG 13820 --- [projeto] [nio-8081-exec-2] o.s.w.s.v.ContentNegotiatingViewResolver : Selected 'text/html' given [text/html, application/xhtml+xml, image/avif, image/webp, image/apng, application/xml;q=0.9, */*;q=0.8, application/signed-exchange;v=b3;q=0.7]
2026-03-31T11:27:13.563-03:00 DEBUG 13820 --- [projeto] [nio-8081-exec-2] o.s.web.servlet.DispatcherServlet        : Completed 200 OK
2026-03-31T11:27:33.578-03:00 DEBUG 13820 --- [projeto] [nio-8081-exec-3] o.s.web.servlet.DispatcherServlet        : GET "/desenvolvimentos/161", parameters={}
2026-03-31T11:27:33.579-03:00 DEBUG 13820 --- [projeto] [nio-8081-exec-3] s.w.s.m.m.a.RequestMappingHandlerMapping : Mapped to com.example.projeto.controller.DesenvolvimentoController#detalhe(Long, Model)
2026-03-31T11:27:33.591-03:00 DEBUG 13820 --- [projeto] [nio-8081-exec-3] o.s.w.s.v.ContentNegotiatingViewResolver : Selected 'text/html' given [text/html, application/xhtml+xml, image/avif, image/webp, image/apng, application/xml;q=0.9, */*;q=0.8, application/signed-exchange;v=b3;q=0.7]
2026-03-31T11:27:33.621-03:00 DEBUG 13820 --- [projeto] [nio-8081-exec-3] o.s.web.servlet.DispatcherServlet        : Completed 200 OK
2026-03-31T11:28:56.320-03:00 DEBUG 13820 --- [projeto] [nio-8081-exec-6] o.s.web.servlet.DispatcherServlet        : POST "/desenvolvimentos/161/orcamento", parameters={masked}
2026-03-31T11:28:56.321-03:00 DEBUG 13820 --- [projeto] [nio-8081-exec-6] s.w.s.m.m.a.RequestMappingHandlerMapping : Mapped to com.example.projeto.controller.DesenvolvimentoController#adicionarOrcamento(Long, String, String, String, String, BigDecimal, BigDecimal, BigDecimal, Integer, String, RedirectAttributes)
2026-03-31T11:28:56.345-03:00 DEBUG 13820 --- [projeto] [nio-8081-exec-6] o.s.web.servlet.view.RedirectView        : View name [redirect:], model {}
2026-03-31T11:28:56.346-03:00 DEBUG 13820 --- [projeto] [nio-8081-exec-6] o.s.web.servlet.DispatcherServlet        : Completed 302 FOUND
2026-03-31T11:28:56.350-03:00 DEBUG 13820 --- [projeto] [nio-8081-exec-7] o.s.web.servlet.DispatcherServlet        : GET "/desenvolvimentos/161", parameters={}
2026-03-31T11:28:56.350-03:00 DEBUG 13820 --- [projeto] [nio-8081-exec-7] s.w.s.m.m.a.RequestMappingHandlerMapping : Mapped to com.example.projeto.controller.DesenvolvimentoController#detalhe(Long, Model)
2026-03-31T11:28:56.366-03:00 DEBUG 13820 --- [projeto] [nio-8081-exec-7] o.s.w.s.v.ContentNegotiatingViewResolver : Selected 'text/html' given [text/html, application/xhtml+xml, image/avif, image/webp, image/apng, application/xml;q=0.9, */*;q=0.8, application/signed-exchange;v=b3;q=0.7]
2026-03-31T11:28:56.404-03:00 DEBUG 13820 --- [projeto] [nio-8081-exec-7] o.s.web.servlet.DispatcherServlet        : Completed 200 OK
2026-03-31T11:29:22.468-03:00 DEBUG 13820 --- [projeto] [nio-8081-exec-8] o.s.web.servlet.DispatcherServlet        : POST "/desenvolvimentos/161/orcamento", parameters={masked}
2026-03-31T11:29:22.469-03:00 DEBUG 13820 --- [projeto] [nio-8081-exec-8] s.w.s.m.m.a.RequestMappingHandlerMapping : Mapped to com.example.projeto.controller.DesenvolvimentoController#adicionarOrcamento(Long, String, String, String, String, BigDecimal, BigDecimal, BigDecimal, Integer, String, RedirectAttributes)
2026-03-31T11:29:22.481-03:00 DEBUG 13820 --- [projeto] [nio-8081-exec-8] o.s.web.servlet.view.RedirectView        : View name [redirect:], model {}
2026-03-31T11:29:22.481-03:00 DEBUG 13820 --- [projeto] [nio-8081-exec-8] o.s.web.servlet.DispatcherServlet        : Completed 302 FOUND
2026-03-31T11:29:22.485-03:00 DEBUG 13820 --- [projeto] [nio-8081-exec-9] o.s.web.servlet.DispatcherServlet        : GET "/desenvolvimentos/161", parameters={}
2026-03-31T11:29:22.486-03:00 DEBUG 13820 --- [projeto] [nio-8081-exec-9] s.w.s.m.m.a.RequestMappingHandlerMapping : Mapped to com.example.projeto.controller.DesenvolvimentoController#detalhe(Long, Model)
2026-03-31T11:29:22.493-03:00 DEBUG 13820 --- [projeto] [nio-8081-exec-9] o.s.w.s.v.ContentNegotiatingViewResolver : Selected 'text/html' given [text/html, application/xhtml+xml, image/avif, image/webp, image/apng, application/xml;q=0.9, */*;q=0.8, application/signed-exchange;v=b3;q=0.7]
2026-03-31T11:29:22.553-03:00 DEBUG 13820 --- [projeto] [nio-8081-exec-9] o.s.web.servlet.DispatcherServlet        : Completed 200 OK
2026-03-31T11:29:40.126-03:00 DEBUG 13820 --- [projeto] [io-8081-exec-10] o.s.web.servlet.DispatcherServlet        : POST "/desenvolvimentos/161/orcamento/162/editar", parameters={masked}
2026-03-31T11:29:40.126-03:00 DEBUG 13820 --- [projeto] [io-8081-exec-10] s.w.s.m.m.a.RequestMappingHandlerMapping : Mapped to com.example.projeto.controller.DesenvolvimentoController#editarOrcamento(Long, Long, String, String, String, String, BigDecimal, BigDecimal, BigDecimal, Integer, String, RedirectAttributes)
2026-03-31T11:29:40.161-03:00 DEBUG 13820 --- [projeto] [io-8081-exec-10] o.s.web.servlet.view.RedirectView        : View name [redirect:], model {}
2026-03-31T11:29:40.161-03:00 DEBUG 13820 --- [projeto] [io-8081-exec-10] o.s.web.servlet.DispatcherServlet        : Completed 302 FOUND
2026-03-31T11:29:40.165-03:00 DEBUG 13820 --- [projeto] [nio-8081-exec-1] o.s.web.servlet.DispatcherServlet        : GET "/desenvolvimentos/161", parameters={}
2026-03-31T11:29:40.166-03:00 DEBUG 13820 --- [projeto] [nio-8081-exec-1] s.w.s.m.m.a.RequestMappingHandlerMapping : Mapped to com.example.projeto.controller.DesenvolvimentoController#detalhe(Long, Model)
2026-03-31T11:29:40.174-03:00 DEBUG 13820 --- [projeto] [nio-8081-exec-1] o.s.w.s.v.ContentNegotiatingViewResolver : Selected 'text/html' given [text/html, application/xhtml+xml, image/avif, image/webp, image/apng, application/xml;q=0.9, */*;q=0.8, application/signed-exchange;v=b3;q=0.7]
2026-03-31T11:29:40.225-03:00 DEBUG 13820 --- [projeto] [nio-8081-exec-1] o.s.web.servlet.DispatcherServlet        : Completed 200 OK
2026-03-31T11:29:47.854-03:00 DEBUG 13820 --- [projeto] [nio-8081-exec-2] o.s.web.servlet.DispatcherServlet        : POST "/desenvolvimentos/161/orcamento/162/editar", parameters={masked}
2026-03-31T11:29:47.855-03:00 DEBUG 13820 --- [projeto] [nio-8081-exec-2] s.w.s.m.m.a.RequestMappingHandlerMapping : Mapped to com.example.projeto.controller.DesenvolvimentoController#editarOrcamento(Long, Long, String, String, String, String, BigDecimal, BigDecimal, BigDecimal, Integer, String, RedirectAttributes)
2026-03-31T11:29:47.888-03:00 DEBUG 13820 --- [projeto] [nio-8081-exec-2] o.s.web.servlet.view.RedirectView        : View name [redirect:], model {}
2026-03-31T11:29:47.889-03:00 DEBUG 13820 --- [projeto] [nio-8081-exec-2] o.s.web.servlet.DispatcherServlet        : Completed 302 FOUND
2026-03-31T11:29:47.894-03:00 DEBUG 13820 --- [projeto] [nio-8081-exec-3] o.s.web.servlet.DispatcherServlet        : GET "/desenvolvimentos/161", parameters={}
2026-03-31T11:29:47.894-03:00 DEBUG 13820 --- [projeto] [nio-8081-exec-3] s.w.s.m.m.a.RequestMappingHandlerMapping : Mapped to com.example.projeto.controller.DesenvolvimentoController#detalhe(Long, Model)
2026-03-31T11:29:47.901-03:00 DEBUG 13820 --- [projeto] [nio-8081-exec-3] o.s.w.s.v.ContentNegotiatingViewResolver : Selected 'text/html' given [text/html, application/xhtml+xml, image/avif, image/webp, image/apng, application/xml;q=0.9, */*;q=0.8, application/signed-exchange;v=b3;q=0.7]
2026-03-31T11:29:47.944-03:00 DEBUG 13820 --- [projeto] [nio-8081-exec-3] o.s.web.servlet.DispatcherServlet        : Completed 200 OK
2026-03-31T11:29:56.385-03:00 DEBUG 13820 --- [projeto] [nio-8081-exec-5] o.s.web.servlet.DispatcherServlet        : POST "/desenvolvimentos/161/orcamento", parameters={masked}
2026-03-31T11:29:56.385-03:00 DEBUG 13820 --- [projeto] [nio-8081-exec-5] s.w.s.m.m.a.RequestMappingHandlerMapping : Mapped to com.example.projeto.controller.DesenvolvimentoController#adicionarOrcamento(Long, String, String, String, String, BigDecimal, BigDecimal, BigDecimal, Integer, String, RedirectAttributes)
2026-03-31T11:29:56.402-03:00 DEBUG 13820 --- [projeto] [nio-8081-exec-5] o.s.web.servlet.view.RedirectView        : View name [redirect:], model {}
2026-03-31T11:29:56.404-03:00 DEBUG 13820 --- [projeto] [nio-8081-exec-5] o.s.web.servlet.DispatcherServlet        : Completed 302 FOUND
2026-03-31T11:29:56.409-03:00 DEBUG 13820 --- [projeto] [nio-8081-exec-6] o.s.web.servlet.DispatcherServlet        : GET "/desenvolvimentos/161", parameters={}
2026-03-31T11:29:56.410-03:00 DEBUG 13820 --- [projeto] [nio-8081-exec-6] s.w.s.m.m.a.RequestMappingHandlerMapping : Mapped to com.example.projeto.controller.DesenvolvimentoController#detalhe(Long, Model)
2026-03-31T11:29:56.419-03:00 DEBUG 13820 --- [projeto] [nio-8081-exec-6] o.s.w.s.v.ContentNegotiatingViewResolver : Selected 'text/html' given [text/html, application/xhtml+xml, image/avif, image/webp, image/apng, application/xml;q=0.9, */*;q=0.8, application/signed-exchange;v=b3;q=0.7]
2026-03-31T11:29:56.464-03:00 DEBUG 13820 --- [projeto] [nio-8081-exec-6] o.s.web.servlet.DispatcherServlet        : Completed 200 OK
2026-03-31T11:30:16.286-03:00 DEBUG 13820 --- [projeto] [nio-8081-exec-7] o.s.web.servlet.DispatcherServlet        : POST "/desenvolvimentos/161/orcamento/162/editar", parameters={masked}
2026-03-31T11:30:16.286-03:00 DEBUG 13820 --- [projeto] [nio-8081-exec-7] s.w.s.m.m.a.RequestMappingHandlerMapping : Mapped to com.example.projeto.controller.DesenvolvimentoController#editarOrcamento(Long, Long, String, String, String, String, BigDecimal, BigDecimal, BigDecimal, Integer, String, RedirectAttributes)
2026-03-31T11:30:16.297-03:00 DEBUG 13820 --- [projeto] [nio-8081-exec-7] o.s.web.servlet.view.RedirectView        : View name [redirect:], model {}
2026-03-31T11:30:16.298-03:00 DEBUG 13820 --- [projeto] [nio-8081-exec-7] o.s.web.servlet.DispatcherServlet        : Completed 302 FOUND
2026-03-31T11:30:16.302-03:00 DEBUG 13820 --- [projeto] [nio-8081-exec-8] o.s.web.servlet.DispatcherServlet        : GET "/desenvolvimentos/161", parameters={}
2026-03-31T11:30:16.303-03:00 DEBUG 13820 --- [projeto] [nio-8081-exec-8] s.w.s.m.m.a.RequestMappingHandlerMapping : Mapped to com.example.projeto.controller.DesenvolvimentoController#detalhe(Long, Model)
2026-03-31T11:30:16.312-03:00 DEBUG 13820 --- [projeto] [nio-8081-exec-8] o.s.w.s.v.ContentNegotiatingViewResolver : Selected 'text/html' given [text/html, application/xhtml+xml, image/avif, image/webp, image/apng, application/xml;q=0.9, */*;q=0.8, application/signed-exchange;v=b3;q=0.7]
2026-03-31T11:30:16.354-03:00 DEBUG 13820 --- [projeto] [nio-8081-exec-8] o.s.web.servlet.DispatcherServlet        : Completed 200 OK
2026-03-31T11:30:48.786-03:00 DEBUG 13820 --- [projeto] [nio-8081-exec-9] o.s.web.servlet.DispatcherServlet        : POST "/desenvolvimentos/161/orcamento/163/editar", parameters={masked}
2026-03-31T11:30:48.787-03:00 DEBUG 13820 --- [projeto] [nio-8081-exec-9] s.w.s.m.m.a.RequestMappingHandlerMapping : Mapped to com.example.projeto.controller.DesenvolvimentoController#editarOrcamento(Long, Long, String, String, String, String, BigDecimal, BigDecimal, BigDecimal, Integer, String, RedirectAttributes)
2026-03-31T11:30:48.799-03:00 DEBUG 13820 --- [projeto] [nio-8081-exec-9] o.s.web.servlet.view.RedirectView        : View name [redirect:], model {}
2026-03-31T11:30:48.799-03:00 DEBUG 13820 --- [projeto] [nio-8081-exec-9] o.s.web.servlet.DispatcherServlet        : Completed 302 FOUND
2026-03-31T11:30:48.803-03:00 DEBUG 13820 --- [projeto] [io-8081-exec-10] o.s.web.servlet.DispatcherServlet        : GET "/desenvolvimentos/161", parameters={}
2026-03-31T11:30:48.804-03:00 DEBUG 13820 --- [projeto] [io-8081-exec-10] s.w.s.m.m.a.RequestMappingHandlerMapping : Mapped to com.example.projeto.controller.DesenvolvimentoController#detalhe(Long, Model)
2026-03-31T11:30:48.817-03:00 DEBUG 13820 --- [projeto] [io-8081-exec-10] o.s.w.s.v.ContentNegotiatingViewResolver : Selected 'text/html' given [text/html, application/xhtml+xml, image/avif, image/webp, image/apng, application/xml;q=0.9, */*;q=0.8, application/signed-exchange;v=b3;q=0.7]
2026-03-31T11:30:48.888-03:00 DEBUG 13820 --- [projeto] [io-8081-exec-10] o.s.web.servlet.DispatcherServlet        : Completed 200 OK
2026-03-31T11:32:51.602-03:00 DEBUG 13820 --- [projeto] [nio-8081-exec-3] o.s.web.servlet.DispatcherServlet        : POST "/desenvolvimentos/161/avancar", parameters={masked}
2026-03-31T11:32:51.602-03:00 DEBUG 13820 --- [projeto] [nio-8081-exec-3] s.w.s.m.m.a.RequestMappingHandlerMapping : Mapped to com.example.projeto.controller.DesenvolvimentoController#avancarEtapa(Long, TipoEtapa, String, LocalDate, Long, BigDecimal, RedirectAttributes)
2026-03-31T11:32:51.631-03:00 DEBUG 13820 --- [projeto] [nio-8081-exec-3] o.s.web.servlet.view.RedirectView        : View name [redirect:], model {}
2026-03-31T11:32:51.632-03:00 DEBUG 13820 --- [projeto] [nio-8081-exec-3] o.s.web.servlet.DispatcherServlet        : Completed 302 FOUND
2026-03-31T11:32:51.637-03:00 DEBUG 13820 --- [projeto] [nio-8081-exec-4] o.s.web.servlet.DispatcherServlet        : GET "/desenvolvimentos/161", parameters={}
2026-03-31T11:32:51.638-03:00 DEBUG 13820 --- [projeto] [nio-8081-exec-4] s.w.s.m.m.a.RequestMappingHandlerMapping : Mapped to com.example.projeto.controller.DesenvolvimentoController#detalhe(Long, Model)
2026-03-31T11:32:51.649-03:00 DEBUG 13820 --- [projeto] [nio-8081-exec-4] o.s.w.s.v.ContentNegotiatingViewResolver : Selected 'text/html' given [text/html, application/xhtml+xml, image/avif, image/webp, image/apng, application/xml;q=0.9, */*;q=0.8, application/signed-exchange;v=b3;q=0.7]
2026-03-31T11:32:51.697-03:00 DEBUG 13820 --- [projeto] [nio-8081-exec-4] o.s.web.servlet.DispatcherServlet        : Completed 200 OK
2026-03-31T11:33:07.462-03:00 DEBUG 13820 --- [projeto] [nio-8081-exec-5] o.s.web.servlet.DispatcherServlet        : POST "/desenvolvimentos/161/avancar", parameters={masked}
2026-03-31T11:33:07.465-03:00 DEBUG 13820 --- [projeto] [nio-8081-exec-5] s.w.s.m.m.a.RequestMappingHandlerMapping : Mapped to com.example.projeto.controller.DesenvolvimentoController#avancarEtapa(Long, TipoEtapa, String, LocalDate, Long, BigDecimal, RedirectAttributes)
2026-03-31T11:33:07.501-03:00 DEBUG 13820 --- [projeto] [nio-8081-exec-5] o.s.web.servlet.view.RedirectView        : View name [redirect:], model {}
2026-03-31T11:33:07.502-03:00 DEBUG 13820 --- [projeto] [nio-8081-exec-5] o.s.web.servlet.DispatcherServlet        : Completed 302 FOUND
2026-03-31T11:33:07.526-03:00 DEBUG 13820 --- [projeto] [nio-8081-exec-6] o.s.web.servlet.DispatcherServlet        : GET "/desenvolvimentos/161", parameters={}
2026-03-31T11:33:07.526-03:00 DEBUG 13820 --- [projeto] [nio-8081-exec-6] s.w.s.m.m.a.RequestMappingHandlerMapping : Mapped to com.example.projeto.controller.DesenvolvimentoController#detalhe(Long, Model)
2026-03-31T11:33:07.542-03:00 DEBUG 13820 --- [projeto] [nio-8081-exec-6] o.s.w.s.v.ContentNegotiatingViewResolver : Selected 'text/html' given [text/html, application/xhtml+xml, image/avif, image/webp, image/apng, application/xml;q=0.9, */*;q=0.8, application/signed-exchange;v=b3;q=0.7]
2026-03-31T11:33:07.612-03:00 DEBUG 13820 --- [projeto] [nio-8081-exec-6] o.s.web.servlet.DispatcherServlet        : Completed 200 OK
2026-03-31T11:33:49.868-03:00 DEBUG 13820 --- [projeto] [nio-8081-exec-7] o.s.web.servlet.DispatcherServlet        : POST "/desenvolvimentos/161/avancar", parameters={masked}
2026-03-31T11:33:49.868-03:00 DEBUG 13820 --- [projeto] [nio-8081-exec-7] s.w.s.m.m.a.RequestMappingHandlerMapping : Mapped to com.example.projeto.controller.DesenvolvimentoController#avancarEtapa(Long, TipoEtapa, String, LocalDate, Long, BigDecimal, RedirectAttributes)
2026-03-31T11:33:49.880-03:00 DEBUG 13820 --- [projeto] [nio-8081-exec-7] o.s.web.servlet.view.RedirectView        : View name [redirect:], model {}
2026-03-31T11:33:49.880-03:00 DEBUG 13820 --- [projeto] [nio-8081-exec-7] o.s.web.servlet.DispatcherServlet        : Completed 302 FOUND
2026-03-31T11:33:49.884-03:00 DEBUG 13820 --- [projeto] [nio-8081-exec-8] o.s.web.servlet.DispatcherServlet        : GET "/desenvolvimentos/161", parameters={}
2026-03-31T11:33:49.885-03:00 DEBUG 13820 --- [projeto] [nio-8081-exec-8] s.w.s.m.m.a.RequestMappingHandlerMapping : Mapped to com.example.projeto.controller.DesenvolvimentoController#detalhe(Long, Model)
2026-03-31T11:33:49.894-03:00 DEBUG 13820 --- [projeto] [nio-8081-exec-8] o.s.w.s.v.ContentNegotiatingViewResolver : Selected 'text/html' given [text/html, application/xhtml+xml, image/avif, image/webp, image/apng, application/xml;q=0.9, */*;q=0.8, application/signed-exchange;v=b3;q=0.7]
2026-03-31T11:33:49.949-03:00 DEBUG 13820 --- [projeto] [nio-8081-exec-8] o.s.web.servlet.DispatcherServlet        : Completed 200 OK
2026-03-31T11:34:07.919-03:00 DEBUG 13820 --- [projeto] [io-8081-exec-10] o.s.web.servlet.DispatcherServlet        : POST "/desenvolvimentos/161/avancar", parameters={masked}
2026-03-31T11:34:07.919-03:00 DEBUG 13820 --- [projeto] [io-8081-exec-10] s.w.s.m.m.a.RequestMappingHandlerMapping : Mapped to com.example.projeto.controller.DesenvolvimentoController#avancarEtapa(Long, TipoEtapa, String, LocalDate, Long, BigDecimal, RedirectAttributes)
2026-03-31T11:34:07.950-03:00 DEBUG 13820 --- [projeto] [io-8081-exec-10] o.s.web.servlet.view.RedirectView        : View name [redirect:], model {}
2026-03-31T11:34:07.951-03:00 DEBUG 13820 --- [projeto] [io-8081-exec-10] o.s.web.servlet.DispatcherServlet        : Completed 302 FOUND
2026-03-31T11:34:07.962-03:00 DEBUG 13820 --- [projeto] [nio-8081-exec-1] o.s.web.servlet.DispatcherServlet        : GET "/desenvolvimentos/161", parameters={}
2026-03-31T11:34:07.963-03:00 DEBUG 13820 --- [projeto] [nio-8081-exec-1] s.w.s.m.m.a.RequestMappingHandlerMapping : Mapped to com.example.projeto.controller.DesenvolvimentoController#detalhe(Long, Model)
2026-03-31T11:34:07.970-03:00 DEBUG 13820 --- [projeto] [nio-8081-exec-1] o.s.w.s.v.ContentNegotiatingViewResolver : Selected 'text/html' given [text/html, application/xhtml+xml, image/avif, image/webp, image/apng, application/xml;q=0.9, */*;q=0.8, application/signed-exchange;v=b3;q=0.7]
2026-03-31T11:34:08.018-03:00 DEBUG 13820 --- [projeto] [nio-8081-exec-1] o.s.web.servlet.DispatcherServlet        : Completed 200 OK
2026-03-31T11:36:54.868-03:00 DEBUG 13820 --- [projeto] [nio-8081-exec-4] o.s.web.servlet.DispatcherServlet        : POST "/desenvolvimentos/161/avancar", parameters={masked}
2026-03-31T11:36:54.869-03:00 DEBUG 13820 --- [projeto] [nio-8081-exec-4] s.w.s.m.m.a.RequestMappingHandlerMapping : Mapped to com.example.projeto.controller.DesenvolvimentoController#avancarEtapa(Long, TipoEtapa, String, LocalDate, Long, BigDecimal, RedirectAttributes)
2026-03-31T11:36:54.882-03:00 DEBUG 13820 --- [projeto] [nio-8081-exec-4] o.s.web.servlet.view.RedirectView        : View name [redirect:], model {}
2026-03-31T11:36:54.883-03:00 DEBUG 13820 --- [projeto] [nio-8081-exec-4] o.s.web.servlet.DispatcherServlet        : Completed 302 FOUND
2026-03-31T11:36:54.889-03:00 DEBUG 13820 --- [projeto] [nio-8081-exec-5] o.s.web.servlet.DispatcherServlet        : GET "/desenvolvimentos/161", parameters={}
2026-03-31T11:36:54.889-03:00 DEBUG 13820 --- [projeto] [nio-8081-exec-5] s.w.s.m.m.a.RequestMappingHandlerMapping : Mapped to com.example.projeto.controller.DesenvolvimentoController#detalhe(Long, Model)
2026-03-31T11:36:54.897-03:00 DEBUG 13820 --- [projeto] [nio-8081-exec-5] o.s.w.s.v.ContentNegotiatingViewResolver : Selected 'text/html' given [text/html, application/xhtml+xml, image/avif, image/webp, image/apng, application/xml;q=0.9, */*;q=0.8, application/signed-exchange;v=b3;q=0.7]
2026-03-31T11:36:54.960-03:00 DEBUG 13820 --- [projeto] [nio-8081-exec-5] o.s.web.servlet.DispatcherServlet        : Completed 200 OK
2026-03-31T11:37:11.916-03:00 DEBUG 13820 --- [projeto] [nio-8081-exec-6] o.s.web.servlet.DispatcherServlet        : POST "/desenvolvimentos/161/avancar", parameters={masked}
2026-03-31T11:37:11.917-03:00 DEBUG 13820 --- [projeto] [nio-8081-exec-6] s.w.s.m.m.a.RequestMappingHandlerMapping : Mapped to com.example.projeto.controller.DesenvolvimentoController#avancarEtapa(Long, TipoEtapa, String, LocalDate, Long, BigDecimal, RedirectAttributes)
2026-03-31T11:37:11.927-03:00 DEBUG 13820 --- [projeto] [nio-8081-exec-6] o.s.web.servlet.view.RedirectView        : View name [redirect:], model {}
2026-03-31T11:37:11.927-03:00 DEBUG 13820 --- [projeto] [nio-8081-exec-6] o.s.web.servlet.DispatcherServlet        : Completed 302 FOUND
2026-03-31T11:37:11.931-03:00 DEBUG 13820 --- [projeto] [nio-8081-exec-7] o.s.web.servlet.DispatcherServlet        : GET "/desenvolvimentos/161", parameters={}
2026-03-31T11:37:11.932-03:00 DEBUG 13820 --- [projeto] [nio-8081-exec-7] s.w.s.m.m.a.RequestMappingHandlerMapping : Mapped to com.example.projeto.controller.DesenvolvimentoController#detalhe(Long, Model)
2026-03-31T11:37:11.938-03:00 DEBUG 13820 --- [projeto] [nio-8081-exec-7] o.s.w.s.v.ContentNegotiatingViewResolver : Selected 'text/html' given [text/html, application/xhtml+xml, image/avif, image/webp, image/apng, application/xml;q=0.9, */*;q=0.8, application/signed-exchange;v=b3;q=0.7]
2026-03-31T11:37:11.998-03:00 DEBUG 13820 --- [projeto] [nio-8081-exec-7] o.s.web.servlet.DispatcherServlet        : Completed 200 OK
2026-03-31T11:39:15.270-03:00 DEBUG 13820 --- [projeto] [io-8081-exec-10] o.s.web.servlet.DispatcherServlet        : POST "/desenvolvimentos/161/negociacao", parameters={masked}
2026-03-31T11:39:15.271-03:00 DEBUG 13820 --- [projeto] [io-8081-exec-10] s.w.s.m.m.a.RequestMappingHandlerMapping : Mapped to com.example.projeto.controller.DesenvolvimentoController#salvarNegociacao(Long, BigDecimal, BigDecimal, Integer, RedirectAttributes)
2026-03-31T11:39:15.287-03:00 DEBUG 13820 --- [projeto] [io-8081-exec-10] o.s.web.servlet.view.RedirectView        : View name [redirect:], model {}
2026-03-31T11:39:15.287-03:00 DEBUG 13820 --- [projeto] [io-8081-exec-10] o.s.web.servlet.DispatcherServlet        : Completed 302 FOUND
2026-03-31T11:39:15.292-03:00 DEBUG 13820 --- [projeto] [nio-8081-exec-1] o.s.web.servlet.DispatcherServlet        : GET "/desenvolvimentos/161", parameters={}
2026-03-31T11:39:15.292-03:00 DEBUG 13820 --- [projeto] [nio-8081-exec-1] s.w.s.m.m.a.RequestMappingHandlerMapping : Mapped to com.example.projeto.controller.DesenvolvimentoController#detalhe(Long, Model)
2026-03-31T11:39:15.300-03:00 DEBUG 13820 --- [projeto] [nio-8081-exec-1] o.s.w.s.v.ContentNegotiatingViewResolver : Selected 'text/html' given [text/html, application/xhtml+xml, image/avif, image/webp, image/apng, application/xml;q=0.9, */*;q=0.8, application/signed-exchange;v=b3;q=0.7]
2026-03-31T11:39:15.364-03:00 DEBUG 13820 --- [projeto] [nio-8081-exec-1] o.s.web.servlet.DispatcherServlet        : Completed 200 OK
2026-03-31T11:39:40.966-03:00 DEBUG 13820 --- [projeto] [nio-8081-exec-3] o.s.web.servlet.DispatcherServlet        : POST "/desenvolvimentos/161/negociacao", parameters={masked}
2026-03-31T11:39:40.966-03:00 DEBUG 13820 --- [projeto] [nio-8081-exec-3] s.w.s.m.m.a.RequestMappingHandlerMapping : Mapped to com.example.projeto.controller.DesenvolvimentoController#salvarNegociacao(Long, BigDecimal, BigDecimal, Integer, RedirectAttributes)
2026-03-31T11:39:40.975-03:00 DEBUG 13820 --- [projeto] [nio-8081-exec-3] o.s.web.servlet.view.RedirectView        : View name [redirect:], model {}
2026-03-31T11:39:40.975-03:00 DEBUG 13820 --- [projeto] [nio-8081-exec-3] o.s.web.servlet.DispatcherServlet        : Completed 302 FOUND
2026-03-31T11:39:40.979-03:00 DEBUG 13820 --- [projeto] [nio-8081-exec-2] o.s.web.servlet.DispatcherServlet        : GET "/desenvolvimentos/161", parameters={}
2026-03-31T11:39:40.979-03:00 DEBUG 13820 --- [projeto] [nio-8081-exec-2] s.w.s.m.m.a.RequestMappingHandlerMapping : Mapped to com.example.projeto.controller.DesenvolvimentoController#detalhe(Long, Model)
2026-03-31T11:39:40.989-03:00 DEBUG 13820 --- [projeto] [nio-8081-exec-2] o.s.w.s.v.ContentNegotiatingViewResolver : Selected 'text/html' given [text/html, application/xhtml+xml, image/avif, image/webp, image/apng, application/xml;q=0.9, */*;q=0.8, application/signed-exchange;v=b3;q=0.7]
2026-03-31T11:39:41.049-03:00 DEBUG 13820 --- [projeto] [nio-8081-exec-2] o.s.web.servlet.DispatcherServlet        : Completed 200 OK
2026-03-31T11:39:57.833-03:00 DEBUG 13820 --- [projeto] [nio-8081-exec-4] o.s.web.servlet.DispatcherServlet        : POST "/desenvolvimentos/161/negociacao", parameters={masked}
2026-03-31T11:39:57.834-03:00 DEBUG 13820 --- [projeto] [nio-8081-exec-4] s.w.s.m.m.a.RequestMappingHandlerMapping : Mapped to com.example.projeto.controller.DesenvolvimentoController#salvarNegociacao(Long, BigDecimal, BigDecimal, Integer, RedirectAttributes)
2026-03-31T11:39:57.844-03:00 DEBUG 13820 --- [projeto] [nio-8081-exec-4] o.s.web.servlet.view.RedirectView        : View name [redirect:], model {}
2026-03-31T11:39:57.844-03:00 DEBUG 13820 --- [projeto] [nio-8081-exec-4] o.s.web.servlet.DispatcherServlet        : Completed 302 FOUND
2026-03-31T11:39:57.847-03:00 DEBUG 13820 --- [projeto] [nio-8081-exec-5] o.s.web.servlet.DispatcherServlet        : GET "/desenvolvimentos/161", parameters={}
2026-03-31T11:39:57.848-03:00 DEBUG 13820 --- [projeto] [nio-8081-exec-5] s.w.s.m.m.a.RequestMappingHandlerMapping : Mapped to com.example.projeto.controller.DesenvolvimentoController#detalhe(Long, Model)
2026-03-31T11:39:57.853-03:00 DEBUG 13820 --- [projeto] [nio-8081-exec-5] o.s.w.s.v.ContentNegotiatingViewResolver : Selected 'text/html' given [text/html, application/xhtml+xml, image/avif, image/webp, image/apng, application/xml;q=0.9, */*;q=0.8, application/signed-exchange;v=b3;q=0.7]
2026-03-31T11:39:57.914-03:00 DEBUG 13820 --- [projeto] [nio-8081-exec-5] o.s.web.servlet.DispatcherServlet        : Completed 200 OK
2026-03-31T11:40:10.881-03:00 DEBUG 13820 --- [projeto] [nio-8081-exec-6] o.s.web.servlet.DispatcherServlet        : GET "/desenvolvimentos", parameters={}
2026-03-31T11:40:10.881-03:00 DEBUG 13820 --- [projeto] [nio-8081-exec-6] s.w.s.m.m.a.RequestMappingHandlerMapping : Mapped to com.example.projeto.controller.DesenvolvimentoController#lista(Long, Long, Long, Long, StatusDesenvolvimento, String, String, Model)
2026-03-31T11:40:10.897-03:00 DEBUG 13820 --- [projeto] [nio-8081-exec-6] o.s.w.s.v.ContentNegotiatingViewResolver : Selected 'text/html' given [text/html, application/xhtml+xml, image/avif, image/webp, image/apng, application/xml;q=0.9, */*;q=0.8, application/signed-exchange;v=b3;q=0.7]
2026-03-31T11:40:10.919-03:00 DEBUG 13820 --- [projeto] [nio-8081-exec-6] o.s.web.servlet.DispatcherServlet        : Completed 200 OK
2026-03-31T11:40:26.122-03:00 DEBUG 13820 --- [projeto] [nio-8081-exec-8] o.s.web.servlet.DispatcherServlet        : GET "/desenvolvimentos/161/ficha", parameters={}
2026-03-31T11:40:26.123-03:00 DEBUG 13820 --- [projeto] [nio-8081-exec-8] s.w.s.m.m.a.RequestMappingHandlerMapping : Mapped to com.example.projeto.controller.DesenvolvimentoController#ficha(Long, Model)
2026-03-31T11:40:26.128-03:00 DEBUG 13820 --- [projeto] [nio-8081-exec-8] o.s.w.s.v.ContentNegotiatingViewResolver : Selected 'text/html' given [text/html, application/xhtml+xml, image/avif, image/webp, image/apng, application/xml;q=0.9, */*;q=0.8, application/signed-exchange;v=b3;q=0.7]
2026-03-31T11:40:26.136-03:00 DEBUG 13820 --- [projeto] [nio-8081-exec-8] o.s.web.servlet.DispatcherServlet        : Completed 200 OK
2026-03-31T11:42:32.585-03:00 DEBUG 13820 --- [projeto] [nio-8081-exec-1] o.s.web.servlet.DispatcherServlet        : GET "/desenvolvimentos", parameters={}
2026-03-31T11:42:32.585-03:00 DEBUG 13820 --- [projeto] [nio-8081-exec-1] s.w.s.m.m.a.RequestMappingHandlerMapping : Mapped to com.example.projeto.controller.DesenvolvimentoController#lista(Long, Long, Long, Long, StatusDesenvolvimento, String, String, Model)
2026-03-31T11:42:32.600-03:00 DEBUG 13820 --- [projeto] [nio-8081-exec-1] o.s.w.s.v.ContentNegotiatingViewResolver : Selected 'text/html' given [text/html, application/xhtml+xml, image/avif, image/webp, image/apng, application/xml;q=0.9, */*;q=0.8, application/signed-exchange;v=b3;q=0.7]
2026-03-31T11:42:32.626-03:00 DEBUG 13820 --- [projeto] [nio-8081-exec-1] o.s.web.servlet.DispatcherServlet        : Completed 200 OK
2026-03-31T11:42:35.642-03:00 DEBUG 13820 --- [projeto] [nio-8081-exec-3] o.s.web.servlet.DispatcherServlet        : GET "/desenvolvimentos/161", parameters={}
2026-03-31T11:42:35.642-03:00 DEBUG 13820 --- [projeto] [nio-8081-exec-3] s.w.s.m.m.a.RequestMappingHandlerMapping : Mapped to com.example.projeto.controller.DesenvolvimentoController#detalhe(Long, Model)
2026-03-31T11:42:35.652-03:00 DEBUG 13820 --- [projeto] [nio-8081-exec-3] o.s.w.s.v.ContentNegotiatingViewResolver : Selected 'text/html' given [text/html, application/xhtml+xml, image/avif, image/webp, image/apng, application/xml;q=0.9, */*;q=0.8, application/signed-exchange;v=b3;q=0.7]
2026-03-31T11:42:35.693-03:00 DEBUG 13820 --- [projeto] [nio-8081-exec-3] o.s.web.servlet.DispatcherServlet        : Completed 200 OK
2026-03-31T11:42:45.833-03:00 DEBUG 13820 --- [projeto] [nio-8081-exec-2] o.s.web.servlet.DispatcherServlet        : POST "/desenvolvimentos/161/systextil", parameters={masked}
2026-03-31T11:42:45.833-03:00 DEBUG 13820 --- [projeto] [nio-8081-exec-2] s.w.s.m.m.a.RequestMappingHandlerMapping : Mapped to com.example.projeto.controller.DesenvolvimentoController#salvarSystextil(Long, String, String, String, RedirectAttributes)
2026-03-31T11:42:45.846-03:00 DEBUG 13820 --- [projeto] [nio-8081-exec-2] o.s.web.servlet.view.RedirectView        : View name [redirect:], model {}
2026-03-31T11:42:45.846-03:00 DEBUG 13820 --- [projeto] [nio-8081-exec-2] o.s.web.servlet.DispatcherServlet        : Completed 302 FOUND
2026-03-31T11:42:45.850-03:00 DEBUG 13820 --- [projeto] [nio-8081-exec-4] o.s.web.servlet.DispatcherServlet        : GET "/desenvolvimentos/161", parameters={}
2026-03-31T11:42:45.851-03:00 DEBUG 13820 --- [projeto] [nio-8081-exec-4] s.w.s.m.m.a.RequestMappingHandlerMapping : Mapped to com.example.projeto.controller.DesenvolvimentoController#detalhe(Long, Model)
2026-03-31T11:42:45.858-03:00 DEBUG 13820 --- [projeto] [nio-8081-exec-4] o.s.w.s.v.ContentNegotiatingViewResolver : Selected 'text/html' given [text/html, application/xhtml+xml, image/avif, image/webp, image/apng, application/xml;q=0.9, */*;q=0.8, application/signed-exchange;v=b3;q=0.7]
2026-03-31T11:42:45.914-03:00 DEBUG 13820 --- [projeto] [nio-8081-exec-4] o.s.web.servlet.DispatcherServlet        : Completed 200 OK
2026-03-31T11:42:49.264-03:00 DEBUG 13820 --- [projeto] [nio-8081-exec-5] o.s.web.servlet.DispatcherServlet        : GET "/desenvolvimentos", parameters={}
2026-03-31T11:42:49.264-03:00 DEBUG 13820 --- [projeto] [nio-8081-exec-5] s.w.s.m.m.a.RequestMappingHandlerMapping : Mapped to com.example.projeto.controller.DesenvolvimentoController#lista(Long, Long, Long, Long, StatusDesenvolvimento, String, String, Model)
2026-03-31T11:42:49.281-03:00 DEBUG 13820 --- [projeto] [nio-8081-exec-5] o.s.w.s.v.ContentNegotiatingViewResolver : Selected 'text/html' given [text/html, application/xhtml+xml, image/avif, image/webp, image/apng, application/xml;q=0.9, */*;q=0.8, application/signed-exchange;v=b3;q=0.7]
2026-03-31T11:42:49.310-03:00 DEBUG 13820 --- [projeto] [nio-8081-exec-5] o.s.web.servlet.DispatcherServlet        : Completed 200 OK
2026-03-31T11:42:50.360-03:00 DEBUG 13820 --- [projeto] [nio-8081-exec-6] o.s.web.servlet.DispatcherServlet        : GET "/desenvolvimentos/161/ficha", parameters={}
2026-03-31T11:42:50.360-03:00 DEBUG 13820 --- [projeto] [nio-8081-exec-6] s.w.s.m.m.a.RequestMappingHandlerMapping : Mapped to com.example.projeto.controller.DesenvolvimentoController#ficha(Long, Model)
2026-03-31T11:42:50.368-03:00 DEBUG 13820 --- [projeto] [nio-8081-exec-6] o.s.w.s.v.ContentNegotiatingViewResolver : Selected 'text/html' given [text/html, application/xhtml+xml, image/avif, image/webp, image/apng, application/xml;q=0.9, */*;q=0.8, application/signed-exchange;v=b3;q=0.7]
2026-03-31T11:42:50.376-03:00 DEBUG 13820 --- [projeto] [nio-8081-exec-6] o.s.web.servlet.DispatcherServlet        : Completed 200 OK
2026-03-31T11:43:47.203-03:00 DEBUG 13820 --- [projeto] [nio-8081-exec-8] o.s.web.servlet.DispatcherServlet        : GET "/desenvolvimentos", parameters={}
2026-03-31T11:43:47.203-03:00 DEBUG 13820 --- [projeto] [nio-8081-exec-8] s.w.s.m.m.a.RequestMappingHandlerMapping : Mapped to com.example.projeto.controller.DesenvolvimentoController#lista(Long, Long, Long, Long, StatusDesenvolvimento, String, String, Model)
2026-03-31T11:43:47.218-03:00 DEBUG 13820 --- [projeto] [nio-8081-exec-8] o.s.w.s.v.ContentNegotiatingViewResolver : Selected 'text/html' given [text/html, application/xhtml+xml, image/avif, image/webp, image/apng, application/xml;q=0.9, */*;q=0.8, application/signed-exchange;v=b3;q=0.7]
2026-03-31T11:43:47.243-03:00 DEBUG 13820 --- [projeto] [nio-8081-exec-8] o.s.web.servlet.DispatcherServlet        : Completed 200 OK
2026-03-31T11:45:33.808-03:00 DEBUG 13820 --- [projeto] [nio-8081-exec-1] o.s.web.servlet.DispatcherServlet        : GET "/", parameters={}
2026-03-31T11:45:33.808-03:00 DEBUG 13820 --- [projeto] [nio-8081-exec-1] s.w.s.m.m.a.RequestMappingHandlerMapping : Mapped to com.example.projeto.controller.DashboardController#dashboard(Long, Long, String, Model)
2026-03-31T11:45:33.841-03:00 DEBUG 13820 --- [projeto] [nio-8081-exec-1] o.s.w.s.v.ContentNegotiatingViewResolver : Selected 'text/html' given [text/html, application/xhtml+xml, image/avif, image/webp, image/apng, application/xml;q=0.9, */*;q=0.8, application/signed-exchange;v=b3;q=0.7]
2026-03-31T11:45:33.868-03:00 DEBUG 13820 --- [projeto] [nio-8081-exec-1] o.s.web.servlet.DispatcherServlet        : Completed 200 OK
2026-03-31T11:45:39.576-03:00 DEBUG 13820 --- [projeto] [nio-8081-exec-3] o.s.web.servlet.DispatcherServlet        : GET "/desenvolvimentos", parameters={}
2026-03-31T11:45:39.576-03:00 DEBUG 13820 --- [projeto] [nio-8081-exec-3] s.w.s.m.m.a.RequestMappingHandlerMapping : Mapped to com.example.projeto.controller.DesenvolvimentoController#lista(Long, Long, Long, Long, StatusDesenvolvimento, String, String, Model)
2026-03-31T11:45:39.591-03:00 DEBUG 13820 --- [projeto] [nio-8081-exec-3] o.s.w.s.v.ContentNegotiatingViewResolver : Selected 'text/html' given [text/html, application/xhtml+xml, image/avif, image/webp, image/apng, application/xml;q=0.9, */*;q=0.8, application/signed-exchange;v=b3;q=0.7]
2026-03-31T11:45:39.617-03:00 DEBUG 13820 --- [projeto] [nio-8081-exec-3] o.s.web.servlet.DispatcherServlet        : Completed 200 OK
2026-03-31T11:54:14.952-03:00 DEBUG 13820 --- [projeto] [nio-8081-exec-5] o.s.web.servlet.DispatcherServlet        : GET "/", parameters={}
2026-03-31T11:54:14.953-03:00 DEBUG 13820 --- [projeto] [nio-8081-exec-5] s.w.s.m.m.a.RequestMappingHandlerMapping : Mapped to com.example.projeto.controller.DashboardController#dashboard(Long, Long, String, Model)
2026-03-31T11:54:14.982-03:00 DEBUG 13820 --- [projeto] [nio-8081-exec-5] o.s.w.s.v.ContentNegotiatingViewResolver : Selected 'text/html' given [text/html, application/xhtml+xml, image/avif, image/webp, image/apng, application/xml;q=0.9, */*;q=0.8, application/signed-exchange;v=b3;q=0.7]
2026-03-31T11:54:15.000-03:00 DEBUG 13820 --- [projeto] [nio-8081-exec-5] o.s.web.servlet.DispatcherServlet        : Completed 200 OK
2026-03-31T12:15:27.992-03:00 DEBUG 13820 --- [projeto] [nio-8081-exec-7] o.s.web.servlet.DispatcherServlet        : GET "/?categoriaMasterId=&colecaoId=2", parameters={masked}
2026-03-31T12:15:27.993-03:00 DEBUG 13820 --- [projeto] [nio-8081-exec-7] s.w.s.m.m.a.RequestMappingHandlerMapping : Mapped to com.example.projeto.controller.DashboardController#dashboard(Long, Long, String, Model)
2026-03-31T12:15:28.017-03:00 DEBUG 13820 --- [projeto] [nio-8081-exec-7] o.s.w.s.v.ContentNegotiatingViewResolver : Selected 'text/html' given [text/html, application/xhtml+xml, image/avif, image/webp, image/apng, application/xml;q=0.9, */*;q=0.8, application/signed-exchange;v=b3;q=0.7]
2026-03-31T12:15:28.065-03:00 DEBUG 13820 --- [projeto] [nio-8081-exec-7] o.s.web.servlet.DispatcherServlet        : Completed 200 OK
2026-03-31T12:15:32.310-03:00 DEBUG 13820 --- [projeto] [nio-8081-exec-8] o.s.web.servlet.DispatcherServlet        : GET "/?categoriaMasterId=&colecaoId=3", parameters={masked}
2026-03-31T12:15:32.310-03:00 DEBUG 13820 --- [projeto] [nio-8081-exec-8] s.w.s.m.m.a.RequestMappingHandlerMapping : Mapped to com.example.projeto.controller.DashboardController#dashboard(Long, Long, String, Model)
2026-03-31T12:15:32.341-03:00 DEBUG 13820 --- [projeto] [nio-8081-exec-8] o.s.w.s.v.ContentNegotiatingViewResolver : Selected 'text/html' given [text/html, application/xhtml+xml, image/avif, image/webp, image/apng, application/xml;q=0.9, */*;q=0.8, application/signed-exchange;v=b3;q=0.7]
2026-03-31T12:15:32.364-03:00 DEBUG 13820 --- [projeto] [nio-8081-exec-8] o.s.web.servlet.DispatcherServlet        : Completed 200 OK
2026-03-31T14:16:47.972-03:00 DEBUG 13820 --- [projeto] [nio-8081-exec-1] o.s.web.servlet.DispatcherServlet        : GET "/desenvolvimentos", parameters={}
2026-03-31T14:16:47.992-03:00 DEBUG 13820 --- [projeto] [nio-8081-exec-1] s.w.s.m.m.a.RequestMappingHandlerMapping : Mapped to com.example.projeto.controller.DesenvolvimentoController#lista(Long, Long, Long, Long, StatusDesenvolvimento, String, String, Model)
2026-03-31T14:16:48.151-03:00 DEBUG 13820 --- [projeto] [nio-8081-exec-1] o.s.w.s.v.ContentNegotiatingViewResolver : Selected 'text/html' given [text/html, application/xhtml+xml, image/avif, image/webp, image/apng, application/xml;q=0.9, */*;q=0.8, application/signed-exchange;v=b3;q=0.7]
2026-03-31T14:16:48.232-03:00 DEBUG 13820 --- [projeto] [nio-8081-exec-1] o.s.web.servlet.DispatcherServlet        : Completed 200 OK
2026-03-31T14:16:49.442-03:00 DEBUG 13820 --- [projeto] [nio-8081-exec-3] o.s.web.servlet.DispatcherServlet        : GET "/desenvolvimentos/161", parameters={}
2026-03-31T14:16:49.447-03:00 DEBUG 13820 --- [projeto] [nio-8081-exec-3] s.w.s.m.m.a.RequestMappingHandlerMapping : Mapped to com.example.projeto.controller.DesenvolvimentoController#detalhe(Long, Model)
2026-03-31T14:16:49.504-03:00 DEBUG 13820 --- [projeto] [nio-8081-exec-3] o.s.w.s.v.ContentNegotiatingViewResolver : Selected 'text/html' given [text/html, application/xhtml+xml, image/avif, image/webp, image/apng, application/xml;q=0.9, */*;q=0.8, application/signed-exchange;v=b3;q=0.7]
2026-03-31T14:16:49.596-03:00 DEBUG 13820 --- [projeto] [nio-8081-exec-3] o.s.web.servlet.DispatcherServlet        : Completed 200 OK
2026-03-31T14:21:54.929-03:00 DEBUG 13820 --- [projeto] [nio-8081-exec-5] o.s.web.servlet.DispatcherServlet        : GET "/desenvolvimentos", parameters={}
2026-03-31T14:21:54.931-03:00 DEBUG 13820 --- [projeto] [nio-8081-exec-5] s.w.s.m.m.a.RequestMappingHandlerMapping : Mapped to com.example.projeto.controller.DesenvolvimentoController#lista(Long, Long, Long, Long, StatusDesenvolvimento, String, String, Model)
2026-03-31T14:21:54.960-03:00 DEBUG 13820 --- [projeto] [nio-8081-exec-5] o.s.w.s.v.ContentNegotiatingViewResolver : Selected 'text/html' given [text/html, application/xhtml+xml, image/avif, image/webp, image/apng, application/xml;q=0.9, */*;q=0.8, application/signed-exchange;v=b3;q=0.7]
2026-03-31T14:21:54.995-03:00 DEBUG 13820 --- [projeto] [nio-8081-exec-5] o.s.web.servlet.DispatcherServlet        : Completed 200 OK
2026-03-31T14:21:57.033-03:00 DEBUG 13820 --- [projeto] [nio-8081-exec-6] o.s.web.servlet.DispatcherServlet        : GET "/", parameters={}
2026-03-31T14:21:57.034-03:00 DEBUG 13820 --- [projeto] [nio-8081-exec-6] s.w.s.m.m.a.RequestMappingHandlerMapping : Mapped to com.example.projeto.controller.DashboardController#dashboard(Long, Long, String, Model)
2026-03-31T14:21:57.081-03:00 DEBUG 13820 --- [projeto] [nio-8081-exec-6] o.s.w.s.v.ContentNegotiatingViewResolver : Selected 'text/html' given [text/html, application/xhtml+xml, image/avif, image/webp, image/apng, application/xml;q=0.9, */*;q=0.8, application/signed-exchange;v=b3;q=0.7]
2026-03-31T14:21:57.114-03:00 DEBUG 13820 --- [projeto] [nio-8081-exec-6] o.s.web.servlet.DispatcherServlet        : Completed 200 OK
2026-03-31T14:26:51.413-03:00 DEBUG 13820 --- [projeto] [io-8081-exec-10] o.s.web.servlet.DispatcherServlet        : GET "/desenvolvimentos", parameters={}
2026-03-31T14:26:51.413-03:00 DEBUG 13820 --- [projeto] [io-8081-exec-10] s.w.s.m.m.a.RequestMappingHandlerMapping : Mapped to com.example.projeto.controller.DesenvolvimentoController#lista(Long, Long, Long, Long, StatusDesenvolvimento, String, String, Model)
2026-03-31T14:26:51.430-03:00 DEBUG 13820 --- [projeto] [io-8081-exec-10] o.s.w.s.v.ContentNegotiatingViewResolver : Selected 'text/html' given [text/html, application/xhtml+xml, image/avif, image/webp, image/apng, application/xml;q=0.9, */*;q=0.8, application/signed-exchange;v=b3;q=0.7]
2026-03-31T14:26:51.468-03:00 DEBUG 13820 --- [projeto] [io-8081-exec-10] o.s.web.servlet.DispatcherServlet        : Completed 200 OK
2026-03-31T14:27:05.542-03:00 DEBUG 13820 --- [projeto] [nio-8081-exec-9] o.s.web.servlet.DispatcherServlet        : GET "/desenvolvimentos", parameters={}
2026-03-31T14:27:05.542-03:00 DEBUG 13820 --- [projeto] [nio-8081-exec-9] s.w.s.m.m.a.RequestMappingHandlerMapping : Mapped to com.example.projeto.controller.DesenvolvimentoController#lista(Long, Long, Long, Long, StatusDesenvolvimento, String, String, Model)
2026-03-31T14:27:05.583-03:00 DEBUG 13820 --- [projeto] [nio-8081-exec-9] o.s.w.s.v.ContentNegotiatingViewResolver : Selected 'text/html' given [text/html, application/xhtml+xml, image/avif, image/webp, image/apng, application/xml;q=0.9, */*;q=0.8, application/signed-exchange;v=b3;q=0.7]
2026-03-31T14:27:05.613-03:00 DEBUG 13820 --- [projeto] [nio-8081-exec-9] o.s.web.servlet.DispatcherServlet        : Completed 200 OK
2026-03-31T14:29:05.388-03:00 DEBUG 13820 --- [projeto] [nio-8081-exec-2] o.s.web.servlet.DispatcherServlet        : GET "/desenvolvimentos", parameters={}
2026-03-31T14:29:05.389-03:00 DEBUG 13820 --- [projeto] [nio-8081-exec-2] s.w.s.m.m.a.RequestMappingHandlerMapping : Mapped to com.example.projeto.controller.DesenvolvimentoController#lista(Long, Long, Long, Long, StatusDesenvolvimento, String, String, Model)
2026-03-31T14:29:05.409-03:00 DEBUG 13820 --- [projeto] [nio-8081-exec-2] o.s.w.s.v.ContentNegotiatingViewResolver : Selected 'text/html' given [text/html, application/xhtml+xml, image/avif, image/webp, image/apng, application/xml;q=0.9, */*;q=0.8, application/signed-exchange;v=b3;q=0.7]
2026-03-31T14:29:05.452-03:00 DEBUG 13820 --- [projeto] [nio-8081-exec-2] o.s.web.servlet.DispatcherServlet        : Completed 200 OK
2026-03-31T14:29:06.411-03:00 DEBUG 13820 --- [projeto] [nio-8081-exec-4] o.s.web.servlet.DispatcherServlet        : GET "/", parameters={}
2026-03-31T14:29:06.411-03:00 DEBUG 13820 --- [projeto] [nio-8081-exec-4] s.w.s.m.m.a.RequestMappingHandlerMapping : Mapped to com.example.projeto.controller.DashboardController#dashboard(Long, Long, String, Model)
2026-03-31T14:29:06.442-03:00 DEBUG 13820 --- [projeto] [nio-8081-exec-4] o.s.w.s.v.ContentNegotiatingViewResolver : Selected 'text/html' given [text/html, application/xhtml+xml, image/avif, image/webp, image/apng, application/xml;q=0.9, */*;q=0.8, application/signed-exchange;v=b3;q=0.7]
2026-03-31T14:29:06.483-03:00 DEBUG 13820 --- [projeto] [nio-8081-exec-4] o.s.web.servlet.DispatcherServlet        : Completed 200 OK
